[ 2017-04-06T10:34:16+08:00 ] 127.0.0.1 /index.php/Home/Index/info?id=190
INFO: [ app_init ] --START--
INFO: Run Behavior\BuildLiteBehavior [ RunTime:0.000021s ]
INFO: [ app_init ] --END-- [ RunTime:0.011350s ]
INFO: [ app_begin ] --START--
INFO: Run Behavior\ReadHtmlCacheBehavior [ RunTime:0.003337s ]
INFO: [ app_begin ] --END-- [ RunTime:0.003388s ]
NOTIC: [2] json_decode() expects parameter 1 to be string, array given /home/wei/share/Swoole/Application/Home/Controller/IndexController.class.php 第 15 行.
INFO: [ app_end ] --START--
INFO: Run Behavior\ShowPageTraceBehavior [ RunTime:0.014421s ]
INFO: [ app_end ] --END-- [ RunTime:0.014478s ]

[ 2017-04-06T10:34:18+08:00 ] 127.0.0.1 /index.php/Home/Index/info?id=190
INFO: [ app_init ] --START--
INFO: Run Behavior\BuildLiteBehavior [ RunTime:0.000019s ]
INFO: [ app_init ] --END-- [ RunTime:0.015658s ]
INFO: [ app_begin ] --START--
INFO: Run Behavior\ReadHtmlCacheBehavior [ RunTime:0.013623s ]
INFO: [ app_begin ] --END-- [ RunTime:0.013686s ]
NOTIC: [2] json_decode() expects parameter 1 to be string, array given /home/wei/share/Swoole/Application/Home/Controller/IndexController.class.php 第 15 行.
INFO: [ app_end ] --START--
INFO: Run Behavior\ShowPageTraceBehavior [ RunTime:0.011629s ]
INFO: [ app_end ] --END-- [ RunTime:0.011687s ]

[ 2017-04-06T10:34:20+08:00 ] 127.0.0.1 /index.php/Home/Index/info?id=190
INFO: [ app_init ] --START--
INFO: Run Behavior\BuildLiteBehavior [ RunTime:0.000018s ]
INFO: [ app_init ] --END-- [ RunTime:0.009262s ]
INFO: [ app_begin ] --START--
INFO: Run Behavior\ReadHtmlCacheBehavior [ RunTime:0.004619s ]
INFO: [ app_begin ] --END-- [ RunTime:0.004676s ]
NOTIC: [2] json_decode() expects parameter 1 to be string, array given /home/wei/share/Swoole/Application/Home/Controller/IndexController.class.php 第 15 行.
INFO: [ app_end ] --START--
INFO: Run Behavior\ShowPageTraceBehavior [ RunTime:0.014020s ]
INFO: [ app_end ] --END-- [ RunTime:0.014080s ]

[ 2017-04-06T10:34:26+08:00 ] 127.0.0.1 /index.php/Home/Index/info?id=190
INFO: [ app_init ] --START--
INFO: Run Behavior\BuildLiteBehavior [ RunTime:0.000016s ]
INFO: [ app_init ] --END-- [ RunTime:0.008530s ]
INFO: [ app_begin ] --START--
INFO: Run Behavior\ReadHtmlCacheBehavior [ RunTime:0.016586s ]
INFO: [ app_begin ] --END-- [ RunTime:0.016657s ]
NOTIC: [2] json_decode() expects parameter 1 to be string, array given /home/wei/share/Swoole/Application/Home/Controller/IndexController.class.php 第 15 行.
INFO: [ app_end ] --START--
INFO: Run Behavior\ShowPageTraceBehavior [ RunTime:0.004356s ]
INFO: [ app_end ] --END-- [ RunTime:0.004423s ]

[ 2017-04-06T10:34:27+08:00 ] 127.0.0.1 /index.php/Home/Index/info?id=190
INFO: [ app_init ] --START--
INFO: Run Behavior\BuildLiteBehavior [ RunTime:0.000018s ]
INFO: [ app_init ] --END-- [ RunTime:0.008208s ]
INFO: [ app_begin ] --START--
INFO: Run Behavior\ReadHtmlCacheBehavior [ RunTime:0.011768s ]
INFO: [ app_begin ] --END-- [ RunTime:0.011842s ]
NOTIC: [2] json_decode() expects parameter 1 to be string, array given /home/wei/share/Swoole/Application/Home/Controller/IndexController.class.php 第 15 行.
INFO: [ app_end ] --START--
INFO: Run Behavior\ShowPageTraceBehavior [ RunTime:0.016387s ]
INFO: [ app_end ] --END-- [ RunTime:0.016448s ]

[ 2017-04-06T10:40:53+08:00 ] 127.0.0.1 /index.php/Home/Index/info?id=190
INFO: [ app_init ] --START--
INFO: Run Behavior\BuildLiteBehavior [ RunTime:0.000019s ]
INFO: [ app_init ] --END-- [ RunTime:0.003810s ]
INFO: [ app_begin ] --START--
INFO: Run Behavior\ReadHtmlCacheBehavior [ RunTime:0.018143s ]
INFO: [ app_begin ] --END-- [ RunTime:0.018259s ]
NOTIC: [2] json_decode() expects parameter 1 to be string, array given /home/wei/share/Swoole/Application/Home/Controller/IndexController.class.php 第 15 行.
INFO: [ app_end ] --START--
INFO: Run Behavior\ShowPageTraceBehavior [ RunTime:0.011298s ]
INFO: [ app_end ] --END-- [ RunTime:0.011369s ]

[ 2017-04-06T10:40:54+08:00 ] 127.0.0.1 /index.php/Home/Index/info?id=190
INFO: [ app_init ] --START--
INFO: Run Behavior\BuildLiteBehavior [ RunTime:0.000018s ]
INFO: [ app_init ] --END-- [ RunTime:0.010693s ]
INFO: [ app_begin ] --START--
INFO: Run Behavior\ReadHtmlCacheBehavior [ RunTime:0.019028s ]
INFO: [ app_begin ] --END-- [ RunTime:0.019103s ]
NOTIC: [2] json_decode() expects parameter 1 to be string, array given /home/wei/share/Swoole/Application/Home/Controller/IndexController.class.php 第 15 行.
INFO: [ app_end ] --START--
INFO: Run Behavior\ShowPageTraceBehavior [ RunTime:0.004745s ]
INFO: [ app_end ] --END-- [ RunTime:0.004800s ]

[ 2017-04-06T10:40:56+08:00 ] 127.0.0.1 /?name=dingwei
INFO: [ app_init ] --START--
INFO: Run Behavior\BuildLiteBehavior [ RunTime:0.000019s ]
INFO: [ app_init ] --END-- [ RunTime:0.007177s ]
INFO: [ app_begin ] --START--
INFO: Run Behavior\ReadHtmlCacheBehavior [ RunTime:0.004093s ]
INFO: [ app_begin ] --END-- [ RunTime:0.004172s ]
INFO: [ app_end ] --START--
INFO: Run Behavior\ShowPageTraceBehavior [ RunTime:0.019453s ]
INFO: [ app_end ] --END-- [ RunTime:0.019517s ]

[ 2017-04-06T10:40:57+08:00 ] 127.0.0.1 /?name=dingwei
INFO: [ app_init ] --START--
INFO: Run Behavior\BuildLiteBehavior [ RunTime:0.000019s ]
INFO: [ app_init ] --END-- [ RunTime:0.010138s ]
INFO: [ app_begin ] --START--
INFO: Run Behavior\ReadHtmlCacheBehavior [ RunTime:0.019345s ]
INFO: [ app_begin ] --END-- [ RunTime:0.019452s ]
INFO: [ app_end ] --START--
INFO: Run Behavior\ShowPageTraceBehavior [ RunTime:0.004514s ]
INFO: [ app_end ] --END-- [ RunTime:0.004576s ]

[ 2017-04-06T10:41:00+08:00 ] 127.0.0.1 /index.php/Home/Index/info?id=190
INFO: [ app_init ] --START--
INFO: Run Behavior\BuildLiteBehavior [ RunTime:0.000020s ]
INFO: [ app_init ] --END-- [ RunTime:0.012790s ]
INFO: [ app_begin ] --START--
INFO: Run Behavior\ReadHtmlCacheBehavior [ RunTime:0.011629s ]
INFO: [ app_begin ] --END-- [ RunTime:0.011723s ]
NOTIC: [2] json_decode() expects parameter 1 to be string, array given /home/wei/share/Swoole/Application/Home/Controller/IndexController.class.php 第 15 行.
INFO: [ app_end ] --START--
INFO: Run Behavior\ShowPageTraceBehavior [ RunTime:0.009242s ]
INFO: [ app_end ] --END-- [ RunTime:0.009309s ]

[ 2017-04-06T10:41:02+08:00 ] 127.0.0.1 /?name=dingwei
INFO: [ app_init ] --START--
INFO: Run Behavior\BuildLiteBehavior [ RunTime:0.000019s ]
INFO: [ app_init ] --END-- [ RunTime:0.011752s ]
INFO: [ app_begin ] --START--
INFO: Run Behavior\ReadHtmlCacheBehavior [ RunTime:0.005183s ]
INFO: [ app_begin ] --END-- [ RunTime:0.005251s ]
INFO: [ app_end ] --START--
INFO: Run Behavior\ShowPageTraceBehavior [ RunTime:0.012487s ]
INFO: [ app_end ] --END-- [ RunTime:0.012545s ]

[ 2017-04-06T10:41:07+08:00 ] 127.0.0.1 /?name=dingwei
INFO: [ app_init ] --START--
INFO: Run Behavior\BuildLiteBehavior [ RunTime:0.000022s ]
INFO: [ app_init ] --END-- [ RunTime:0.003265s ]
INFO: [ app_begin ] --START--
INFO: Run Behavior\ReadHtmlCacheBehavior [ RunTime:0.014513s ]
INFO: [ app_begin ] --END-- [ RunTime:0.014582s ]
INFO: [ app_end ] --START--
INFO: Run Behavior\ShowPageTraceBehavior [ RunTime:0.006779s ]
INFO: [ app_end ] --END-- [ RunTime:0.006846s ]

[ 2017-04-06T10:41:10+08:00 ] 127.0.0.1 /?name=dingwei123
INFO: [ app_init ] --START--
INFO: Run Behavior\BuildLiteBehavior [ RunTime:0.000019s ]
INFO: [ app_init ] --END-- [ RunTime:0.012779s ]
INFO: [ app_begin ] --START--
INFO: Run Behavior\ReadHtmlCacheBehavior [ RunTime:0.004045s ]
INFO: [ app_begin ] --END-- [ RunTime:0.004107s ]
INFO: [ app_end ] --START--
INFO: Run Behavior\ShowPageTraceBehavior [ RunTime:0.018855s ]
INFO: [ app_end ] --END-- [ RunTime:0.018921s ]

[ 2017-04-06T10:41:21+08:00 ] 127.0.0.1 /index.php/Home/Index/info?id=190
INFO: [ app_init ] --START--
INFO: Run Behavior\BuildLiteBehavior [ RunTime:0.000019s ]
INFO: [ app_init ] --END-- [ RunTime:0.012680s ]
INFO: [ app_begin ] --START--
INFO: Run Behavior\ReadHtmlCacheBehavior [ RunTime:0.015621s ]
INFO: [ app_begin ] --END-- [ RunTime:0.015691s ]
NOTIC: [2] json_decode() expects parameter 1 to be string, array given /home/wei/share/Swoole/Application/Home/Controller/IndexController.class.php 第 15 行.
INFO: [ app_end ] --START--
INFO: Run Behavior\ShowPageTraceBehavior [ RunTime:0.014630s ]
INFO: [ app_end ] --END-- [ RunTime:0.014689s ]

[ 2017-04-06T10:42:15+08:00 ] 127.0.0.1 /index.php/Home/Index/info?id=190
INFO: [ app_init ] --START--
INFO: Run Behavior\BuildLiteBehavior [ RunTime:0.000015s ]
INFO: [ app_init ] --END-- [ RunTime:0.002525s ]
INFO: [ app_begin ] --START--
INFO: Run Behavior\ReadHtmlCacheBehavior [ RunTime:0.019515s ]
INFO: [ app_begin ] --END-- [ RunTime:0.019585s ]
NOTIC: [2] json_decode() expects parameter 1 to be string, array given /home/wei/share/Swoole/Application/Home/Controller/IndexController.class.php 第 15 行.
INFO: [ app_end ] --START--
INFO: Run Behavior\ShowPageTraceBehavior [ RunTime:0.006899s ]
INFO: [ app_end ] --END-- [ RunTime:0.006995s ]

[ 2017-04-06T10:42:47+08:00 ] 127.0.0.1 /index.php/Home/Index/info?id=190
INFO: [ app_init ] --START--
INFO: Run Behavior\BuildLiteBehavior [ RunTime:0.000017s ]
INFO: [ app_init ] --END-- [ RunTime:0.003399s ]
INFO: [ app_begin ] --START--
INFO: Run Behavior\ReadHtmlCacheBehavior [ RunTime:0.018433s ]
INFO: [ app_begin ] --END-- [ RunTime:0.018513s ]
NOTIC: [2] json_decode() expects parameter 1 to be string, array given /home/wei/share/Swoole/Application/Home/Controller/IndexController.class.php 第 15 行.
INFO: [ app_end ] --START--
INFO: Run Behavior\ShowPageTraceBehavior [ RunTime:0.006269s ]
INFO: [ app_end ] --END-- [ RunTime:0.006341s ]

[ 2017-04-06T10:46:41+08:00 ] 127.0.0.1 /index.php/Home/Index/info?id=190
INFO: [ app_init ] --START--
INFO: Run Behavior\BuildLiteBehavior [ RunTime:0.000018s ]
INFO: [ app_init ] --END-- [ RunTime:0.014126s ]
INFO: [ app_begin ] --START--
INFO: Run Behavior\ReadHtmlCacheBehavior [ RunTime:0.011758s ]
INFO: [ app_begin ] --END-- [ RunTime:0.011849s ]
NOTIC: [2] json_decode() expects parameter 1 to be string, array given /home/wei/share/Swoole/Application/Home/Controller/IndexController.class.php 第 15 行.
INFO: [ app_end ] --START--
INFO: Run Behavior\ShowPageTraceBehavior [ RunTime:0.015172s ]
INFO: [ app_end ] --END-- [ RunTime:0.015247s ]

[ 2017-04-06T10:47:09+08:00 ] 127.0.0.1 /index.php/Home/Index/info?id=190
INFO: [ app_init ] --START--
INFO: Run Behavior\BuildLiteBehavior [ RunTime:0.000018s ]
INFO: [ app_init ] --END-- [ RunTime:0.011750s ]
INFO: [ app_begin ] --START--
INFO: Run Behavior\ReadHtmlCacheBehavior [ RunTime:0.006776s ]
INFO: [ app_begin ] --END-- [ RunTime:0.006841s ]
NOTIC: [2] json_decode() expects parameter 1 to be string, array given /home/wei/share/Swoole/Application/Home/Controller/IndexController.class.php 第 15 行.
INFO: [ app_end ] --START--
INFO: Run Behavior\ShowPageTraceBehavior [ RunTime:0.017922s ]
INFO: [ app_end ] --END-- [ RunTime:0.017987s ]

[ 2017-04-06T10:47:41+08:00 ] 127.0.0.1 /index.php/Home/Index/info?id=190
INFO: [ app_init ] --START--
INFO: Run Behavior\BuildLiteBehavior [ RunTime:0.000018s ]
INFO: [ app_init ] --END-- [ RunTime:0.011359s ]
INFO: [ app_begin ] --START--
INFO: Run Behavior\ReadHtmlCacheBehavior [ RunTime:0.003443s ]
INFO: [ app_begin ] --END-- [ RunTime:0.003507s ]
INFO: [ app_end ] --START--
INFO: Run Behavior\ShowPageTraceBehavior [ RunTime:0.015019s ]
INFO: [ app_end ] --END-- [ RunTime:0.015091s ]

