[ 2017-03-31T11:28:47+08:00 ] 127.0.0.1 /
INFO: [ app_init ] --START--
INFO: Run Behavior\BuildLiteBehavior [ RunTime:0.000019s ]
INFO: [ app_init ] --END-- [ RunTime:0.000131s ]
INFO: [ app_begin ] --START--
INFO: Run Behavior\ReadHtmlCacheBehavior [ RunTime:0.006170s ]
INFO: [ app_begin ] --END-- [ RunTime:0.006241s ]
INFO: [ view_parse ] --START--
INFO: [ template_filter ] --START--
INFO: Run Behavior\ContentReplaceBehavior [ RunTime:0.000043s ]
INFO: [ template_filter ] --END-- [ RunTime:0.000100s ]
INFO: Run Behavior\ParseTemplateBehavior [ RunTime:0.094713s ]
INFO: [ view_parse ] --END-- [ RunTime:0.094861s ]
INFO: [ view_filter ] --START--
INFO: Run Behavior\WriteHtmlCacheBehavior [ RunTime:0.018552s ]
INFO: [ view_filter ] --END-- [ RunTime:0.018612s ]
INFO: [ app_end ] --START--
INFO: Run Behavior\ShowPageTraceBehavior [ RunTime:0.017332s ]
INFO: [ app_end ] --END-- [ RunTime:0.017443s ]

[ 2017-03-31T11:31:18+08:00 ] 127.0.0.1 /index.php/Home/Index/index
INFO: [ app_init ] --START--
INFO: Run Behavior\BuildLiteBehavior [ RunTime:0.000023s ]
INFO: [ app_init ] --END-- [ RunTime:0.003925s ]
INFO: [ app_begin ] --START--
INFO: Run Behavior\ReadHtmlCacheBehavior [ RunTime:0.019049s ]
INFO: [ app_begin ] --END-- [ RunTime:0.019126s ]
INFO: [ view_parse ] --START--
INFO: Run Behavior\ParseTemplateBehavior [ RunTime:0.014148s ]
INFO: [ view_parse ] --END-- [ RunTime:0.014209s ]
INFO: [ view_filter ] --START--
INFO: Run Behavior\WriteHtmlCacheBehavior [ RunTime:0.016279s ]
INFO: [ view_filter ] --END-- [ RunTime:0.016334s ]
INFO: [ app_end ] --START--
INFO: Run Behavior\ShowPageTraceBehavior [ RunTime:0.017254s ]
INFO: [ app_end ] --END-- [ RunTime:0.017310s ]

[ 2017-03-31T11:32:36+08:00 ] 127.0.0.1 /index.php/Home/Index/index
INFO: [ app_init ] --START--
INFO: Run Behavior\BuildLiteBehavior [ RunTime:0.000022s ]
INFO: [ app_init ] --END-- [ RunTime:0.003136s ]
INFO: [ app_begin ] --START--
INFO: Run Behavior\ReadHtmlCacheBehavior [ RunTime:0.016332s ]
INFO: [ app_begin ] --END-- [ RunTime:0.016428s ]
INFO: [ app_end ] --START--
INFO: Run Behavior\ShowPageTraceBehavior [ RunTime:0.003475s ]
INFO: [ app_end ] --END-- [ RunTime:0.003530s ]

[ 2017-03-31T11:35:34+08:00 ] 127.0.0.1 /index.php/Home/Index/index
INFO: [ app_init ] --START--
INFO: Run Behavior\BuildLiteBehavior [ RunTime:0.000015s ]
INFO: [ app_init ] --END-- [ RunTime:0.004443s ]
INFO: [ app_begin ] --START--
INFO: Run Behavior\ReadHtmlCacheBehavior [ RunTime:0.007852s ]
INFO: [ app_begin ] --END-- [ RunTime:0.007924s ]
SQL: SHOW COLUMNS FROM `tb_user` [ RunTime:0.0004s ]
SQL: SELECT * FROM `tb_user`  [ RunTime:0.0002s ]
INFO: [ app_end ] --START--
INFO: Run Behavior\ShowPageTraceBehavior [ RunTime:0.027901s ]
INFO: [ app_end ] --END-- [ RunTime:0.027952s ]

[ 2017-03-31T11:52:04+08:00 ] 127.0.0.1 /index.php/Home/Index/index
INFO: [ app_init ] --START--
INFO: Run Behavior\BuildLiteBehavior [ RunTime:0.000017s ]
INFO: [ app_init ] --END-- [ RunTime:0.022438s ]
INFO: [ app_begin ] --START--
INFO: Run Behavior\ReadHtmlCacheBehavior [ RunTime:0.017145s ]
INFO: [ app_begin ] --END-- [ RunTime:0.017217s ]
SQL: SHOW COLUMNS FROM `tb_user` [ RunTime:0.0005s ]
SQL: SELECT * FROM `tb_user`  [ RunTime:0.0003s ]
INFO: [ app_end ] --START--
INFO: Run Behavior\ShowPageTraceBehavior [ RunTime:0.016428s ]
INFO: [ app_end ] --END-- [ RunTime:0.016483s ]

[ 2017-03-31T11:52:21+08:00 ] 127.0.0.1 /index.php/Home/Index/index
INFO: [ app_init ] --START--
INFO: Run Behavior\BuildLiteBehavior [ RunTime:0.000019s ]
INFO: [ app_init ] --END-- [ RunTime:0.006094s ]
INFO: [ app_begin ] --START--
INFO: Run Behavior\ReadHtmlCacheBehavior [ RunTime:0.008282s ]
INFO: [ app_begin ] --END-- [ RunTime:0.008348s ]
SQL: SHOW COLUMNS FROM `tb_user` [ RunTime:0.0005s ]
SQL: SELECT * FROM `tb_user`  [ RunTime:0.0001s ]
INFO: [ app_end ] --START--
INFO: Run Behavior\ShowPageTraceBehavior [ RunTime:0.025177s ]
INFO: [ app_end ] --END-- [ RunTime:0.025254s ]

[ 2017-03-31T11:55:55+08:00 ] 127.0.0.1 /index.php/Home/Index/index
INFO: [ app_init ] --START--
INFO: Run Behavior\BuildLiteBehavior [ RunTime:0.000020s ]
INFO: [ app_init ] --END-- [ RunTime:0.021979s ]
INFO: [ app_begin ] --START--
INFO: Run Behavior\ReadHtmlCacheBehavior [ RunTime:0.018552s ]
INFO: [ app_begin ] --END-- [ RunTime:0.018619s ]
SQL: SHOW COLUMNS FROM `tb_user` [ RunTime:0.0004s ]
SQL: SELECT * FROM `tb_user`  [ RunTime:0.0002s ]
INFO: [ app_end ] --START--
INFO: Run Behavior\ShowPageTraceBehavior [ RunTime:0.016852s ]
INFO: [ app_end ] --END-- [ RunTime:0.016909s ]

[ 2017-03-31T11:57:58+08:00 ] 127.0.0.1 /index.php/Home/Index/index
INFO: [ app_init ] --START--
INFO: Run Behavior\BuildLiteBehavior [ RunTime:0.000019s ]
INFO: [ app_init ] --END-- [ RunTime:0.021543s ]
INFO: [ app_begin ] --START--
INFO: Run Behavior\ReadHtmlCacheBehavior [ RunTime:0.020500s ]
INFO: [ app_begin ] --END-- [ RunTime:0.020571s ]
SQL: SHOW COLUMNS FROM `tb_user` [ RunTime:0.0004s ]
SQL: SELECT * FROM `tb_user`  [ RunTime:0.0001s ]
INFO: [ app_end ] --START--
INFO: Run Behavior\ShowPageTraceBehavior [ RunTime:0.010886s ]
INFO: [ app_end ] --END-- [ RunTime:0.010936s ]

[ 2017-03-31T12:44:35+08:00 ] 127.0.0.1 /index.php/Home/Index/index
INFO: [ app_init ] --START--
INFO: Run Behavior\BuildLiteBehavior [ RunTime:0.000017s ]
INFO: [ app_init ] --END-- [ RunTime:0.005345s ]
INFO: [ app_begin ] --START--
INFO: Run Behavior\ReadHtmlCacheBehavior [ RunTime:0.016820s ]
INFO: [ app_begin ] --END-- [ RunTime:0.016892s ]
SQL: SHOW COLUMNS FROM `tb_user` [ RunTime:0.0005s ]
SQL: SELECT * FROM `tb_user`  [ RunTime:0.0002s ]
INFO: [ app_end ] --START--
INFO: Run Behavior\ShowPageTraceBehavior [ RunTime:0.022130s ]
INFO: [ app_end ] --END-- [ RunTime:0.022198s ]

[ 2017-03-31T12:47:42+08:00 ] 127.0.0.1 /index.php/Home/Index/index
INFO: [ app_init ] --START--
INFO: Run Behavior\BuildLiteBehavior [ RunTime:0.000019s ]
INFO: [ app_init ] --END-- [ RunTime:0.002697s ]
INFO: [ app_begin ] --START--
INFO: Run Behavior\ReadHtmlCacheBehavior [ RunTime:0.016145s ]
INFO: [ app_begin ] --END-- [ RunTime:0.016226s ]
SQL: SHOW COLUMNS FROM `tb_user` [ RunTime:0.0031s ]
SQL: SELECT * FROM `tb_user`  [ RunTime:0.0013s ]
INFO: [ app_end ] --START--
INFO: Run Behavior\ShowPageTraceBehavior [ RunTime:0.011489s ]
INFO: [ app_end ] --END-- [ RunTime:0.011570s ]

[ 2017-03-31T12:47:45+08:00 ] 127.0.0.1 /index.php/Home/Index/index
INFO: [ app_init ] --START--
INFO: Run Behavior\BuildLiteBehavior [ RunTime:0.000084s ]
INFO: [ app_init ] --END-- [ RunTime:0.014701s ]
INFO: [ app_begin ] --START--
INFO: Run Behavior\ReadHtmlCacheBehavior [ RunTime:0.005885s ]
INFO: [ app_begin ] --END-- [ RunTime:0.005951s ]
SQL: SHOW COLUMNS FROM `tb_user` [ RunTime:0.0005s ]
SQL: SELECT * FROM `tb_user`  [ RunTime:0.0002s ]
INFO: [ app_end ] --START--
INFO: Run Behavior\ShowPageTraceBehavior [ RunTime:0.007049s ]
INFO: [ app_end ] --END-- [ RunTime:0.007106s ]

[ 2017-03-31T12:47:51+08:00 ] 127.0.0.1 /index.php/Home/Index/index
INFO: [ app_init ] --START--
INFO: Run Behavior\BuildLiteBehavior [ RunTime:0.000023s ]
INFO: [ app_init ] --END-- [ RunTime:0.012798s ]
INFO: [ app_begin ] --START--
INFO: Run Behavior\ReadHtmlCacheBehavior [ RunTime:0.004490s ]
INFO: [ app_begin ] --END-- [ RunTime:0.004560s ]
SQL: SHOW COLUMNS FROM `tb_user` [ RunTime:0.0005s ]
SQL: SELECT * FROM `tb_user`  [ RunTime:0.0001s ]
INFO: [ app_end ] --START--
INFO: Run Behavior\ShowPageTraceBehavior [ RunTime:0.005591s ]
INFO: [ app_end ] --END-- [ RunTime:0.005644s ]

[ 2017-03-31T12:48:22+08:00 ] 127.0.0.1 /index.php/Home/Index/index
INFO: [ app_init ] --START--
INFO: Run Behavior\BuildLiteBehavior [ RunTime:0.000020s ]
INFO: [ app_init ] --END-- [ RunTime:0.002816s ]
INFO: [ app_begin ] --START--
INFO: Run Behavior\ReadHtmlCacheBehavior [ RunTime:0.014638s ]
INFO: [ app_begin ] --END-- [ RunTime:0.014719s ]
SQL: SHOW COLUMNS FROM `tb_user` [ RunTime:0.0005s ]
SQL: SELECT * FROM `tb_user`  [ RunTime:0.0002s ]
INFO: [ app_end ] --START--
INFO: Run Behavior\ShowPageTraceBehavior [ RunTime:0.013707s ]
INFO: [ app_end ] --END-- [ RunTime:0.013807s ]

[ 2017-03-31T12:52:33+08:00 ] 127.0.0.1 /index.php/Home/Index/index
INFO: [ app_init ] --START--
INFO: Run Behavior\BuildLiteBehavior [ RunTime:0.000024s ]
INFO: [ app_init ] --END-- [ RunTime:0.013387s ]
INFO: [ app_begin ] --START--
INFO: Run Behavior\ReadHtmlCacheBehavior [ RunTime:0.010157s ]
INFO: [ app_begin ] --END-- [ RunTime:0.010265s ]
SQL: SHOW COLUMNS FROM `tb_user` [ RunTime:0.0054s ]
SQL: SELECT * FROM `tb_user`  [ RunTime:0.0031s ]
INFO: [ app_end ] --START--
INFO: Run Behavior\ShowPageTraceBehavior [ RunTime:0.006414s ]
INFO: [ app_end ] --END-- [ RunTime:0.006473s ]

[ 2017-03-31T12:52:35+08:00 ] 127.0.0.1 /index.php/Home/Index/index
INFO: [ app_init ] --START--
INFO: Run Behavior\BuildLiteBehavior [ RunTime:0.000034s ]
INFO: [ app_init ] --END-- [ RunTime:0.010143s ]
INFO: [ app_begin ] --START--
INFO: Run Behavior\ReadHtmlCacheBehavior [ RunTime:0.004015s ]
INFO: [ app_begin ] --END-- [ RunTime:0.004107s ]
SQL: SHOW COLUMNS FROM `tb_user` [ RunTime:0.0005s ]
SQL: SELECT * FROM `tb_user`  [ RunTime:0.0002s ]
INFO: [ app_end ] --START--
INFO: Run Behavior\ShowPageTraceBehavior [ RunTime:0.016683s ]
INFO: [ app_end ] --END-- [ RunTime:0.016743s ]

[ 2017-03-31T12:52:35+08:00 ] 127.0.0.1 /index.php/Home/Index/index
INFO: [ app_init ] --START--
INFO: Run Behavior\BuildLiteBehavior [ RunTime:0.000022s ]
INFO: [ app_init ] --END-- [ RunTime:0.002904s ]
INFO: [ app_begin ] --START--
INFO: Run Behavior\ReadHtmlCacheBehavior [ RunTime:0.013580s ]
INFO: [ app_begin ] --END-- [ RunTime:0.013680s ]
SQL: SHOW COLUMNS FROM `tb_user` [ RunTime:0.0005s ]
SQL: SELECT * FROM `tb_user`  [ RunTime:0.0002s ]
INFO: [ app_end ] --START--
INFO: Run Behavior\ShowPageTraceBehavior [ RunTime:0.013755s ]
INFO: [ app_end ] --END-- [ RunTime:0.013817s ]

[ 2017-03-31T12:56:42+08:00 ] 127.0.0.1 /index.php/Home/Index/index
INFO: [ app_init ] --START--
INFO: Run Behavior\BuildLiteBehavior [ RunTime:0.000023s ]
INFO: [ app_init ] --END-- [ RunTime:0.014078s ]
INFO: [ app_begin ] --START--
INFO: Run Behavior\ReadHtmlCacheBehavior [ RunTime:0.005638s ]
INFO: [ app_begin ] --END-- [ RunTime:0.005735s ]
SQL: SHOW COLUMNS FROM `tb_user` [ RunTime:0.0005s ]
SQL: SELECT * FROM `tb_user`  [ RunTime:0.0004s ]
INFO: [ app_end ] --START--
INFO: Run Behavior\ShowPageTraceBehavior [ RunTime:0.006626s ]
INFO: [ app_end ] --END-- [ RunTime:0.006684s ]

[ 2017-03-31T12:56:43+08:00 ] 127.0.0.1 /index.php/Home/Index/index
INFO: [ app_init ] --START--
INFO: Run Behavior\BuildLiteBehavior [ RunTime:0.000034s ]
INFO: [ app_init ] --END-- [ RunTime:0.009066s ]
INFO: [ app_begin ] --START--
INFO: Run Behavior\ReadHtmlCacheBehavior [ RunTime:0.004890s ]
INFO: [ app_begin ] --END-- [ RunTime:0.004960s ]
SQL: SHOW COLUMNS FROM `tb_user` [ RunTime:0.0006s ]
SQL: SELECT * FROM `tb_user`  [ RunTime:0.0002s ]
INFO: [ app_end ] --START--
INFO: Run Behavior\ShowPageTraceBehavior [ RunTime:0.016346s ]
INFO: [ app_end ] --END-- [ RunTime:0.016405s ]

[ 2017-03-31T13:00:47+08:00 ] 127.0.0.1 /index.php/Home/Index/index
INFO: [ app_init ] --START--
INFO: Run Behavior\BuildLiteBehavior [ RunTime:0.000023s ]
INFO: [ app_init ] --END-- [ RunTime:0.005810s ]
INFO: [ app_begin ] --START--
INFO: Run Behavior\ReadHtmlCacheBehavior [ RunTime:0.018496s ]
INFO: [ app_begin ] --END-- [ RunTime:0.018586s ]
SQL: SHOW COLUMNS FROM `tb_user` [ RunTime:0.0041s ]
SQL: SELECT * FROM `tb_user`  [ RunTime:0.0028s ]
INFO: [ app_end ] --START--
INFO: Run Behavior\ShowPageTraceBehavior [ RunTime:0.015773s ]
INFO: [ app_end ] --END-- [ RunTime:0.015862s ]

[ 2017-03-31T13:00:51+08:00 ] 127.0.0.1 /index.php/Home/Index/index
INFO: [ app_init ] --START--
INFO: Run Behavior\BuildLiteBehavior [ RunTime:0.000023s ]
INFO: [ app_init ] --END-- [ RunTime:0.005518s ]
INFO: [ app_begin ] --START--
INFO: Run Behavior\ReadHtmlCacheBehavior [ RunTime:0.004316s ]
INFO: [ app_begin ] --END-- [ RunTime:0.004429s ]
SQL: SHOW COLUMNS FROM `tb_user` [ RunTime:0.0006s ]
SQL: SELECT * FROM `tb_user`  [ RunTime:0.0002s ]
INFO: [ app_end ] --START--
INFO: Run Behavior\ShowPageTraceBehavior [ RunTime:0.020758s ]
INFO: [ app_end ] --END-- [ RunTime:0.020832s ]

[ 2017-03-31T13:01:17+08:00 ] 127.0.0.1 /index.php/Home/Index/index
INFO: [ app_init ] --START--
INFO: Run Behavior\BuildLiteBehavior [ RunTime:0.000024s ]
INFO: [ app_init ] --END-- [ RunTime:0.010885s ]
INFO: [ app_begin ] --START--
INFO: Run Behavior\ReadHtmlCacheBehavior [ RunTime:0.010162s ]
INFO: [ app_begin ] --END-- [ RunTime:0.010228s ]
SQL: SHOW COLUMNS FROM `tb_user` [ RunTime:0.0004s ]
SQL: SELECT * FROM `tb_user`  [ RunTime:0.0001s ]
INFO: [ app_end ] --START--
INFO: Run Behavior\ShowPageTraceBehavior [ RunTime:0.005753s ]
INFO: [ app_end ] --END-- [ RunTime:0.005810s ]

[ 2017-03-31T13:01:42+08:00 ] 127.0.0.1 /index.php/Home/Index/index
INFO: [ app_init ] --START--
INFO: Run Behavior\BuildLiteBehavior [ RunTime:0.000043s ]
INFO: [ app_init ] --END-- [ RunTime:0.007755s ]
INFO: [ app_begin ] --START--
INFO: Run Behavior\ReadHtmlCacheBehavior [ RunTime:0.004290s ]
INFO: [ app_begin ] --END-- [ RunTime:0.004364s ]
SQL: SHOW COLUMNS FROM `tb_user` [ RunTime:0.0005s ]
SQL: SELECT * FROM `tb_user`  [ RunTime:0.0001s ]
INFO: [ app_end ] --START--
INFO: Run Behavior\ShowPageTraceBehavior [ RunTime:0.014188s ]
INFO: [ app_end ] --END-- [ RunTime:0.014244s ]

[ 2017-03-31T13:01:51+08:00 ] 127.0.0.1 /index.php/Home/Index/index
INFO: [ app_init ] --START--
INFO: Run Behavior\BuildLiteBehavior [ RunTime:0.000023s ]
INFO: [ app_init ] --END-- [ RunTime:0.013260s ]
INFO: [ app_begin ] --START--
INFO: Run Behavior\ReadHtmlCacheBehavior [ RunTime:0.004694s ]
INFO: [ app_begin ] --END-- [ RunTime:0.004760s ]
SQL: SHOW COLUMNS FROM `tb_user` [ RunTime:0.0004s ]
SQL: SELECT * FROM `tb_user`  [ RunTime:0.0002s ]
INFO: [ app_end ] --START--
INFO: Run Behavior\ShowPageTraceBehavior [ RunTime:0.007470s ]
INFO: [ app_end ] --END-- [ RunTime:0.007523s ]

[ 2017-03-31T13:01:58+08:00 ] 127.0.0.1 /index.php/Home/Index/index
INFO: [ app_init ] --START--
INFO: Run Behavior\BuildLiteBehavior [ RunTime:0.000026s ]
INFO: [ app_init ] --END-- [ RunTime:0.011783s ]
INFO: [ app_begin ] --START--
INFO: Run Behavior\ReadHtmlCacheBehavior [ RunTime:0.008607s ]
INFO: [ app_begin ] --END-- [ RunTime:0.008681s ]
SQL: SHOW COLUMNS FROM `tb_user` [ RunTime:0.0005s ]
SQL: SELECT * FROM `tb_user`  [ RunTime:0.0005s ]
INFO: [ app_end ] --START--
INFO: Run Behavior\ShowPageTraceBehavior [ RunTime:0.009365s ]
INFO: [ app_end ] --END-- [ RunTime:0.009429s ]

[ 2017-03-31T13:01:59+08:00 ] 127.0.0.1 /index.php/Home/Index/index
INFO: [ app_init ] --START--
INFO: Run Behavior\BuildLiteBehavior [ RunTime:0.000023s ]
INFO: [ app_init ] --END-- [ RunTime:0.012837s ]
INFO: [ app_begin ] --START--
INFO: Run Behavior\ReadHtmlCacheBehavior [ RunTime:0.014280s ]
INFO: [ app_begin ] --END-- [ RunTime:0.014346s ]
SQL: SHOW COLUMNS FROM `tb_user` [ RunTime:0.0005s ]
SQL: SELECT * FROM `tb_user`  [ RunTime:0.0008s ]
INFO: [ app_end ] --START--
INFO: Run Behavior\ShowPageTraceBehavior [ RunTime:0.010658s ]
INFO: [ app_end ] --END-- [ RunTime:0.010713s ]

[ 2017-03-31T13:03:14+08:00 ] 127.0.0.1 /index.php/Home/Index/index
INFO: [ app_init ] --START--
INFO: Run Behavior\BuildLiteBehavior [ RunTime:0.000045s ]
INFO: [ app_init ] --END-- [ RunTime:0.002601s ]
INFO: [ app_begin ] --START--
INFO: Run Behavior\ReadHtmlCacheBehavior [ RunTime:0.011252s ]
INFO: [ app_begin ] --END-- [ RunTime:0.011335s ]
SQL: SHOW COLUMNS FROM `tb_user` [ RunTime:0.0004s ]
SQL: SELECT * FROM `tb_user`  [ RunTime:0.0001s ]
INFO: [ app_end ] --START--
INFO: Run Behavior\ShowPageTraceBehavior [ RunTime:0.016368s ]
INFO: [ app_end ] --END-- [ RunTime:0.016426s ]

[ 2017-03-31T13:06:34+08:00 ] 127.0.0.1 /index.php/Home/Index/index
INFO: [ app_init ] --START--
INFO: Run Behavior\BuildLiteBehavior [ RunTime:0.000024s ]
INFO: [ app_init ] --END-- [ RunTime:0.007406s ]
INFO: [ app_begin ] --START--
INFO: Run Behavior\ReadHtmlCacheBehavior [ RunTime:0.005676s ]
INFO: [ app_begin ] --END-- [ RunTime:0.005747s ]
SQL: SHOW COLUMNS FROM `tb_user` [ RunTime:0.0005s ]
SQL: SELECT * FROM `tb_user`  [ RunTime:0.0002s ]
INFO: [ app_end ] --START--
INFO: Run Behavior\ShowPageTraceBehavior [ RunTime:0.015537s ]
INFO: [ app_end ] --END-- [ RunTime:0.015594s ]

[ 2017-03-31T13:06:35+08:00 ] 127.0.0.1 /index.php/Home/Index/index
INFO: [ app_init ] --START--
INFO: Run Behavior\BuildLiteBehavior [ RunTime:0.000023s ]
INFO: [ app_init ] --END-- [ RunTime:0.005375s ]
INFO: [ app_begin ] --START--
INFO: Run Behavior\ReadHtmlCacheBehavior [ RunTime:0.015050s ]
INFO: [ app_begin ] --END-- [ RunTime:0.015134s ]
SQL: SHOW COLUMNS FROM `tb_user` [ RunTime:0.0004s ]
SQL: SELECT * FROM `tb_user`  [ RunTime:0.0003s ]
INFO: [ app_end ] --START--
INFO: Run Behavior\ShowPageTraceBehavior [ RunTime:0.007375s ]
INFO: [ app_end ] --END-- [ RunTime:0.007433s ]

[ 2017-03-31T13:08:13+08:00 ] 127.0.0.1 /index.php/Home/Index/index
INFO: [ app_init ] --START--
INFO: Run Behavior\BuildLiteBehavior [ RunTime:0.000019s ]
INFO: [ app_init ] --END-- [ RunTime:0.002598s ]
INFO: [ app_begin ] --START--
INFO: Run Behavior\ReadHtmlCacheBehavior [ RunTime:0.008756s ]
INFO: [ app_begin ] --END-- [ RunTime:0.008831s ]
SQL: SHOW COLUMNS FROM `tb_user` [ RunTime:0.0006s ]
SQL: SELECT * FROM `tb_user`  [ RunTime:0.0002s ]
INFO: [ app_end ] --START--
INFO: Run Behavior\ShowPageTraceBehavior [ RunTime:0.014589s ]
INFO: [ app_end ] --END-- [ RunTime:0.014663s ]

[ 2017-03-31T13:12:38+08:00 ] 127.0.0.1 /index.php/Home/Index/index
INFO: [ app_init ] --START--
INFO: Run Behavior\BuildLiteBehavior [ RunTime:0.000023s ]
INFO: [ app_init ] --END-- [ RunTime:0.012044s ]
INFO: [ app_begin ] --START--
INFO: Run Behavior\ReadHtmlCacheBehavior [ RunTime:0.017567s ]
INFO: [ app_begin ] --END-- [ RunTime:0.017640s ]
SQL: SHOW COLUMNS FROM `tb_user` [ RunTime:0.0038s ]
SQL: SELECT * FROM `tb_user`  [ RunTime:0.0021s ]
INFO: [ app_end ] --START--
INFO: Run Behavior\ShowPageTraceBehavior [ RunTime:0.015238s ]
INFO: [ app_end ] --END-- [ RunTime:0.015295s ]

[ 2017-03-31T13:12:39+08:00 ] 127.0.0.1 /index.php/Home/Index/index
INFO: [ app_init ] --START--
INFO: Run Behavior\BuildLiteBehavior [ RunTime:0.000023s ]
INFO: [ app_init ] --END-- [ RunTime:0.011843s ]
INFO: [ app_begin ] --START--
INFO: Run Behavior\ReadHtmlCacheBehavior [ RunTime:0.015170s ]
INFO: [ app_begin ] --END-- [ RunTime:0.015244s ]
SQL: SHOW COLUMNS FROM `tb_user` [ RunTime:0.0006s ]
SQL: SELECT * FROM `tb_user`  [ RunTime:0.0001s ]
INFO: [ app_end ] --START--
INFO: Run Behavior\ShowPageTraceBehavior [ RunTime:0.010607s ]
INFO: [ app_end ] --END-- [ RunTime:0.010666s ]

[ 2017-03-31T13:12:39+08:00 ] 127.0.0.1 /index.php/Home/Index/index
INFO: [ app_init ] --START--
INFO: Run Behavior\BuildLiteBehavior [ RunTime:0.000021s ]
INFO: [ app_init ] --END-- [ RunTime:0.003061s ]
INFO: [ app_begin ] --START--
INFO: Run Behavior\ReadHtmlCacheBehavior [ RunTime:0.006632s ]
INFO: [ app_begin ] --END-- [ RunTime:0.006711s ]
SQL: SHOW COLUMNS FROM `tb_user` [ RunTime:0.0004s ]
SQL: SELECT * FROM `tb_user`  [ RunTime:0.0002s ]
INFO: [ app_end ] --START--
INFO: Run Behavior\ShowPageTraceBehavior [ RunTime:0.006166s ]
INFO: [ app_end ] --END-- [ RunTime:0.006223s ]

[ 2017-03-31T13:12:40+08:00 ] 127.0.0.1 /index.php/Home/Index/index
INFO: [ app_init ] --START--
INFO: Run Behavior\BuildLiteBehavior [ RunTime:0.000023s ]
INFO: [ app_init ] --END-- [ RunTime:0.003283s ]
INFO: [ app_begin ] --START--
INFO: Run Behavior\ReadHtmlCacheBehavior [ RunTime:0.004755s ]
INFO: [ app_begin ] --END-- [ RunTime:0.004822s ]
SQL: SHOW COLUMNS FROM `tb_user` [ RunTime:0.0005s ]
SQL: SELECT * FROM `tb_user`  [ RunTime:0.0002s ]
INFO: [ app_end ] --START--
INFO: Run Behavior\ShowPageTraceBehavior [ RunTime:0.018484s ]
INFO: [ app_end ] --END-- [ RunTime:0.018542s ]

[ 2017-03-31T13:12:55+08:00 ] 127.0.0.1 /index.php/Home/Index/index
INFO: [ app_init ] --START--
INFO: Run Behavior\BuildLiteBehavior [ RunTime:0.000018s ]
INFO: [ app_init ] --END-- [ RunTime:0.002676s ]
INFO: [ app_begin ] --START--
INFO: Run Behavior\ReadHtmlCacheBehavior [ RunTime:0.013414s ]
INFO: [ app_begin ] --END-- [ RunTime:0.013491s ]
SQL: SHOW COLUMNS FROM `tb_user` [ RunTime:0.0005s ]
SQL: SELECT * FROM `tb_user`  [ RunTime:0.0002s ]
INFO: [ app_end ] --START--
INFO: Run Behavior\ShowPageTraceBehavior [ RunTime:0.018748s ]
INFO: [ app_end ] --END-- [ RunTime:0.018803s ]

[ 2017-03-31T13:13:14+08:00 ] 127.0.0.1 /index.php/Home/Index/index
INFO: [ app_init ] --START--
INFO: Run Behavior\BuildLiteBehavior [ RunTime:0.000025s ]
INFO: [ app_init ] --END-- [ RunTime:0.011365s ]
INFO: [ app_begin ] --START--
INFO: Run Behavior\ReadHtmlCacheBehavior [ RunTime:0.022173s ]
INFO: [ app_begin ] --END-- [ RunTime:0.022277s ]
SQL: SHOW COLUMNS FROM `tb_user` [ RunTime:0.0005s ]
SQL: SELECT * FROM `tb_user`  [ RunTime:0.0003s ]
INFO: [ app_end ] --START--
INFO: Run Behavior\ShowPageTraceBehavior [ RunTime:0.010833s ]
INFO: [ app_end ] --END-- [ RunTime:0.010912s ]

[ 2017-03-31T13:15:15+08:00 ] 127.0.0.1 /index.php/Home/Index/index
INFO: [ app_init ] --START--
INFO: Run Behavior\BuildLiteBehavior [ RunTime:0.000027s ]
INFO: [ app_init ] --END-- [ RunTime:0.003045s ]
INFO: [ app_begin ] --START--
INFO: Run Behavior\ReadHtmlCacheBehavior [ RunTime:0.017621s ]
INFO: [ app_begin ] --END-- [ RunTime:0.017700s ]
SQL: SHOW COLUMNS FROM `tb_user` [ RunTime:0.0008s ]
SQL: SELECT * FROM `tb_user`  [ RunTime:0.0003s ]
INFO: [ app_end ] --START--
INFO: Run Behavior\ShowPageTraceBehavior [ RunTime:0.015049s ]
INFO: [ app_end ] --END-- [ RunTime:0.015111s ]

[ 2017-03-31T13:18:12+08:00 ] 127.0.0.1 /index.php/Home/Index/index
INFO: [ app_init ] --START--
INFO: Run Behavior\BuildLiteBehavior [ RunTime:0.000024s ]
INFO: [ app_init ] --END-- [ RunTime:0.014082s ]
INFO: [ app_begin ] --START--
INFO: Run Behavior\ReadHtmlCacheBehavior [ RunTime:0.005784s ]
INFO: [ app_begin ] --END-- [ RunTime:0.005851s ]
SQL: SHOW COLUMNS FROM `tb_user` [ RunTime:0.0005s ]
SQL: SELECT * FROM `tb_user`  [ RunTime:0.0016s ]
INFO: [ app_end ] --START--
INFO: Run Behavior\ShowPageTraceBehavior [ RunTime:0.006211s ]
INFO: [ app_end ] --END-- [ RunTime:0.006267s ]

[ 2017-03-31T13:18:13+08:00 ] 127.0.0.1 /index.php/Home/Index/index
INFO: [ app_init ] --START--
INFO: Run Behavior\BuildLiteBehavior [ RunTime:0.000053s ]
INFO: [ app_init ] --END-- [ RunTime:0.006297s ]
INFO: [ app_begin ] --START--
INFO: Run Behavior\ReadHtmlCacheBehavior [ RunTime:0.011276s ]
INFO: [ app_begin ] --END-- [ RunTime:0.011351s ]
SQL: SHOW COLUMNS FROM `tb_user` [ RunTime:0.0005s ]
SQL: SELECT * FROM `tb_user`  [ RunTime:0.0001s ]
INFO: [ app_end ] --START--
INFO: Run Behavior\ShowPageTraceBehavior [ RunTime:0.013944s ]
INFO: [ app_end ] --END-- [ RunTime:0.014005s ]

[ 2017-03-31T13:18:14+08:00 ] 127.0.0.1 /index.php/Home/Index/index
INFO: [ app_init ] --START--
INFO: Run Behavior\BuildLiteBehavior [ RunTime:0.000022s ]
INFO: [ app_init ] --END-- [ RunTime:0.007482s ]
INFO: [ app_begin ] --START--
INFO: Run Behavior\ReadHtmlCacheBehavior [ RunTime:0.003511s ]
INFO: [ app_begin ] --END-- [ RunTime:0.003572s ]
SQL: SHOW COLUMNS FROM `tb_user` [ RunTime:0.0006s ]
SQL: SELECT * FROM `tb_user`  [ RunTime:0.0002s ]
INFO: [ app_end ] --START--
INFO: Run Behavior\ShowPageTraceBehavior [ RunTime:0.017440s ]
INFO: [ app_end ] --END-- [ RunTime:0.017497s ]

[ 2017-03-31T13:18:15+08:00 ] 127.0.0.1 /index.php/Home/Index/index
INFO: [ app_init ] --START--
INFO: Run Behavior\BuildLiteBehavior [ RunTime:0.000022s ]
INFO: [ app_init ] --END-- [ RunTime:0.003166s ]
INFO: [ app_begin ] --START--
INFO: Run Behavior\ReadHtmlCacheBehavior [ RunTime:0.017730s ]
INFO: [ app_begin ] --END-- [ RunTime:0.017803s ]
SQL: SHOW COLUMNS FROM `tb_user` [ RunTime:0.0005s ]
SQL: SELECT * FROM `tb_user`  [ RunTime:0.0002s ]
INFO: [ app_end ] --START--
INFO: Run Behavior\ShowPageTraceBehavior [ RunTime:0.020804s ]
INFO: [ app_end ] --END-- [ RunTime:0.020862s ]

[ 2017-03-31T13:18:16+08:00 ] 127.0.0.1 /index.php/Home/Index/index
INFO: [ app_init ] --START--
INFO: Run Behavior\BuildLiteBehavior [ RunTime:0.000031s ]
INFO: [ app_init ] --END-- [ RunTime:0.012516s ]
INFO: [ app_begin ] --START--
INFO: Run Behavior\ReadHtmlCacheBehavior [ RunTime:0.007597s ]
INFO: [ app_begin ] --END-- [ RunTime:0.007792s ]
SQL: SHOW COLUMNS FROM `tb_user` [ RunTime:0.0005s ]
SQL: SELECT * FROM `tb_user`  [ RunTime:0.0002s ]
INFO: [ app_end ] --START--
INFO: Run Behavior\ShowPageTraceBehavior [ RunTime:0.008196s ]
INFO: [ app_end ] --END-- [ RunTime:0.008265s ]

[ 2017-03-31T13:19:23+08:00 ] 127.0.0.1 /index.php/
INFO: [ app_init ] --START--
INFO: Run Behavior\BuildLiteBehavior [ RunTime:0.000022s ]
INFO: [ app_init ] --END-- [ RunTime:0.008800s ]
INFO: [ app_begin ] --START--
INFO: Run Behavior\ReadHtmlCacheBehavior [ RunTime:0.014971s ]
INFO: [ app_begin ] --END-- [ RunTime:0.015043s ]
SQL: SHOW COLUMNS FROM `tb_user` [ RunTime:0.0005s ]
SQL: SELECT * FROM `tb_user`  [ RunTime:0.0002s ]
INFO: [ app_end ] --START--
INFO: Run Behavior\ShowPageTraceBehavior [ RunTime:0.007945s ]
INFO: [ app_end ] --END-- [ RunTime:0.007997s ]

[ 2017-03-31T13:20:50+08:00 ] 127.0.0.1 /index.php/
INFO: [ app_init ] --START--
INFO: Run Behavior\BuildLiteBehavior [ RunTime:0.000024s ]
INFO: [ app_init ] --END-- [ RunTime:0.005349s ]
INFO: [ app_begin ] --START--
INFO: Run Behavior\ReadHtmlCacheBehavior [ RunTime:0.003724s ]
INFO: [ app_begin ] --END-- [ RunTime:0.003788s ]
SQL: SHOW COLUMNS FROM `tb_user` [ RunTime:0.0073s ]
SQL: SELECT * FROM `tb_user`  [ RunTime:0.0004s ]
INFO: [ app_end ] --START--
INFO: Run Behavior\ShowPageTraceBehavior [ RunTime:0.011389s ]
INFO: [ app_end ] --END-- [ RunTime:0.011443s ]

[ 2017-03-31T13:20:51+08:00 ] 127.0.0.1 /index.php/
INFO: [ app_init ] --START--
INFO: Run Behavior\BuildLiteBehavior [ RunTime:0.000022s ]
INFO: [ app_init ] --END-- [ RunTime:0.011839s ]
INFO: [ app_begin ] --START--
INFO: Run Behavior\ReadHtmlCacheBehavior [ RunTime:0.015034s ]
INFO: [ app_begin ] --END-- [ RunTime:0.015107s ]
SQL: SHOW COLUMNS FROM `tb_user` [ RunTime:0.0005s ]
SQL: SELECT * FROM `tb_user`  [ RunTime:0.0002s ]
INFO: [ app_end ] --START--
INFO: Run Behavior\ShowPageTraceBehavior [ RunTime:0.004720s ]
INFO: [ app_end ] --END-- [ RunTime:0.004764s ]

[ 2017-03-31T13:20:57+08:00 ] 127.0.0.1 /index.php/
INFO: [ app_init ] --START--
INFO: Run Behavior\BuildLiteBehavior [ RunTime:0.000025s ]
INFO: [ app_init ] --END-- [ RunTime:0.006696s ]
INFO: [ app_begin ] --START--
INFO: Run Behavior\ReadHtmlCacheBehavior [ RunTime:0.003416s ]
INFO: [ app_begin ] --END-- [ RunTime:0.003474s ]
SQL: SHOW COLUMNS FROM `tb_user` [ RunTime:0.0004s ]
SQL: SELECT * FROM `tb_user`  [ RunTime:0.0001s ]
INFO: [ app_end ] --START--
INFO: Run Behavior\ShowPageTraceBehavior [ RunTime:0.014285s ]
INFO: [ app_end ] --END-- [ RunTime:0.014337s ]

[ 2017-03-31T13:21:34+08:00 ] 127.0.0.1 /index.php/
INFO: [ app_init ] --START--
INFO: Run Behavior\BuildLiteBehavior [ RunTime:0.000023s ]
INFO: [ app_init ] --END-- [ RunTime:0.013055s ]
INFO: [ app_begin ] --START--
INFO: Run Behavior\ReadHtmlCacheBehavior [ RunTime:0.006363s ]
INFO: [ app_begin ] --END-- [ RunTime:0.006432s ]
SQL: SHOW COLUMNS FROM `tb_user` [ RunTime:0.0030s ]
SQL: SELECT * FROM `tb_user`  [ RunTime:0.0013s ]
INFO: [ app_end ] --START--
INFO: Run Behavior\ShowPageTraceBehavior [ RunTime:0.010777s ]
INFO: [ app_end ] --END-- [ RunTime:0.010829s ]

[ 2017-03-31T13:21:35+08:00 ] 127.0.0.1 /index.php/
INFO: [ app_init ] --START--
INFO: Run Behavior\BuildLiteBehavior [ RunTime:0.000024s ]
INFO: [ app_init ] --END-- [ RunTime:0.013439s ]
INFO: [ app_begin ] --START--
INFO: Run Behavior\ReadHtmlCacheBehavior [ RunTime:0.006188s ]
INFO: [ app_begin ] --END-- [ RunTime:0.006253s ]
SQL: SHOW COLUMNS FROM `tb_user` [ RunTime:0.0005s ]
SQL: SELECT * FROM `tb_user`  [ RunTime:0.0001s ]
INFO: [ app_end ] --START--
INFO: Run Behavior\ShowPageTraceBehavior [ RunTime:0.017818s ]
INFO: [ app_end ] --END-- [ RunTime:0.017868s ]

[ 2017-03-31T13:21:38+08:00 ] 127.0.0.1 /
INFO: [ app_init ] --START--
INFO: Run Behavior\BuildLiteBehavior [ RunTime:0.000020s ]
INFO: [ app_init ] --END-- [ RunTime:0.002660s ]
INFO: [ app_begin ] --START--
INFO: Run Behavior\ReadHtmlCacheBehavior [ RunTime:0.016601s ]
INFO: [ app_begin ] --END-- [ RunTime:0.016674s ]
SQL: SHOW COLUMNS FROM `tb_user` [ RunTime:0.0004s ]
SQL: SELECT * FROM `tb_user`  [ RunTime:0.0002s ]
INFO: [ app_end ] --START--
INFO: Run Behavior\ShowPageTraceBehavior [ RunTime:0.017648s ]
INFO: [ app_end ] --END-- [ RunTime:0.017699s ]

[ 2017-03-31T13:21:41+08:00 ] 127.0.0.1 /
INFO: [ app_init ] --START--
INFO: Run Behavior\BuildLiteBehavior [ RunTime:0.000034s ]
INFO: [ app_init ] --END-- [ RunTime:0.012911s ]
INFO: [ app_begin ] --START--
INFO: Run Behavior\ReadHtmlCacheBehavior [ RunTime:0.009653s ]
INFO: [ app_begin ] --END-- [ RunTime:0.009728s ]
SQL: SHOW COLUMNS FROM `tb_user` [ RunTime:0.0005s ]
SQL: SELECT * FROM `tb_user`  [ RunTime:0.0006s ]
INFO: [ app_end ] --START--
INFO: Run Behavior\ShowPageTraceBehavior [ RunTime:0.007139s ]
INFO: [ app_end ] --END-- [ RunTime:0.007190s ]

[ 2017-03-31T13:21:42+08:00 ] 127.0.0.1 /
INFO: [ app_init ] --START--
INFO: Run Behavior\BuildLiteBehavior [ RunTime:0.000024s ]
INFO: [ app_init ] --END-- [ RunTime:0.011476s ]
INFO: [ app_begin ] --START--
INFO: Run Behavior\ReadHtmlCacheBehavior [ RunTime:0.011156s ]
INFO: [ app_begin ] --END-- [ RunTime:0.011222s ]
SQL: SHOW COLUMNS FROM `tb_user` [ RunTime:0.0006s ]
SQL: SELECT * FROM `tb_user`  [ RunTime:0.0005s ]
INFO: [ app_end ] --START--
INFO: Run Behavior\ShowPageTraceBehavior [ RunTime:0.009779s ]
INFO: [ app_end ] --END-- [ RunTime:0.009830s ]

[ 2017-03-31T13:21:49+08:00 ] 127.0.0.1 /
INFO: [ app_init ] --START--
INFO: Run Behavior\BuildLiteBehavior [ RunTime:0.000023s ]
INFO: [ app_init ] --END-- [ RunTime:0.003774s ]
INFO: [ app_begin ] --START--
INFO: Run Behavior\ReadHtmlCacheBehavior [ RunTime:0.002788s ]
INFO: [ app_begin ] --END-- [ RunTime:0.002859s ]
SQL: SHOW COLUMNS FROM `tb_user` [ RunTime:0.0005s ]
SQL: SELECT * FROM `tb_user`  [ RunTime:0.0002s ]
INFO: [ app_end ] --START--
INFO: Run Behavior\ShowPageTraceBehavior [ RunTime:0.020566s ]
INFO: [ app_end ] --END-- [ RunTime:0.020619s ]

[ 2017-03-31T13:22:42+08:00 ] 127.0.0.1 /
INFO: [ app_init ] --START--
INFO: Run Behavior\BuildLiteBehavior [ RunTime:0.000027s ]
INFO: [ app_init ] --END-- [ RunTime:0.013233s ]
INFO: [ app_begin ] --START--
INFO: Run Behavior\ReadHtmlCacheBehavior [ RunTime:0.010462s ]
INFO: [ app_begin ] --END-- [ RunTime:0.010549s ]
SQL: SHOW COLUMNS FROM `tb_user` [ RunTime:0.0005s ]
SQL: SELECT * FROM `tb_user`  [ RunTime:0.0002s ]
INFO: [ app_end ] --START--
INFO: Run Behavior\ShowPageTraceBehavior [ RunTime:0.008623s ]
INFO: [ app_end ] --END-- [ RunTime:0.008718s ]

[ 2017-03-31T13:22:44+08:00 ] 127.0.0.1 /
INFO: [ app_init ] --START--
INFO: Run Behavior\BuildLiteBehavior [ RunTime:0.000023s ]
INFO: [ app_init ] --END-- [ RunTime:0.015759s ]
INFO: [ app_begin ] --START--
INFO: Run Behavior\ReadHtmlCacheBehavior [ RunTime:0.011002s ]
INFO: [ app_begin ] --END-- [ RunTime:0.011078s ]
SQL: SHOW COLUMNS FROM `tb_user` [ RunTime:0.0008s ]
SQL: SELECT * FROM `tb_user`  [ RunTime:0.0002s ]
INFO: [ app_end ] --START--
INFO: Run Behavior\ShowPageTraceBehavior [ RunTime:0.005709s ]
INFO: [ app_end ] --END-- [ RunTime:0.005760s ]

[ 2017-03-31T13:22:45+08:00 ] 127.0.0.1 /
INFO: [ app_init ] --START--
INFO: Run Behavior\BuildLiteBehavior [ RunTime:0.000027s ]
INFO: [ app_init ] --END-- [ RunTime:0.014696s ]
INFO: [ app_begin ] --START--
INFO: Run Behavior\ReadHtmlCacheBehavior [ RunTime:0.012488s ]
INFO: [ app_begin ] --END-- [ RunTime:0.012560s ]
SQL: SHOW COLUMNS FROM `tb_user` [ RunTime:0.0004s ]
SQL: SELECT * FROM `tb_user`  [ RunTime:0.0001s ]
INFO: [ app_end ] --START--
INFO: Run Behavior\ShowPageTraceBehavior [ RunTime:0.004952s ]
INFO: [ app_end ] --END-- [ RunTime:0.005003s ]

[ 2017-03-31T13:23:16+08:00 ] 127.0.0.1 /
INFO: [ app_init ] --START--
INFO: Run Behavior\BuildLiteBehavior [ RunTime:0.000023s ]
INFO: [ app_init ] --END-- [ RunTime:0.007945s ]
INFO: [ app_begin ] --START--
INFO: Run Behavior\ReadHtmlCacheBehavior [ RunTime:0.006211s ]
INFO: [ app_begin ] --END-- [ RunTime:0.006281s ]
INFO: [ app_end ] --START--
INFO: Run Behavior\ShowPageTraceBehavior [ RunTime:0.016042s ]
INFO: [ app_end ] --END-- [ RunTime:0.016107s ]

[ 2017-03-31T13:23:17+08:00 ] 127.0.0.1 /
INFO: [ app_init ] --START--
INFO: Run Behavior\BuildLiteBehavior [ RunTime:0.000024s ]
INFO: [ app_init ] --END-- [ RunTime:0.014492s ]
INFO: [ app_begin ] --START--
INFO: Run Behavior\ReadHtmlCacheBehavior [ RunTime:0.012712s ]
INFO: [ app_begin ] --END-- [ RunTime:0.012782s ]
INFO: [ app_end ] --START--
INFO: Run Behavior\ShowPageTraceBehavior [ RunTime:0.018419s ]
INFO: [ app_end ] --END-- [ RunTime:0.018490s ]

[ 2017-03-31T13:23:21+08:00 ] 127.0.0.1 /
INFO: [ app_init ] --START--
INFO: Run Behavior\BuildLiteBehavior [ RunTime:0.000023s ]
INFO: [ app_init ] --END-- [ RunTime:0.011413s ]
INFO: [ app_begin ] --START--
INFO: Run Behavior\ReadHtmlCacheBehavior [ RunTime:0.009149s ]
INFO: [ app_begin ] --END-- [ RunTime:0.009217s ]
INFO: [ app_end ] --START--
INFO: Run Behavior\ShowPageTraceBehavior [ RunTime:0.015881s ]
INFO: [ app_end ] --END-- [ RunTime:0.015949s ]

[ 2017-03-31T13:23:59+08:00 ] 127.0.0.1 /
INFO: [ app_init ] --START--
INFO: Run Behavior\BuildLiteBehavior [ RunTime:0.000021s ]
INFO: [ app_init ] --END-- [ RunTime:0.008051s ]
INFO: [ app_begin ] --START--
INFO: Run Behavior\ReadHtmlCacheBehavior [ RunTime:0.016608s ]
INFO: [ app_begin ] --END-- [ RunTime:0.016684s ]
INFO: [ app_end ] --START--
INFO: Run Behavior\ShowPageTraceBehavior [ RunTime:0.003777s ]
INFO: [ app_end ] --END-- [ RunTime:0.003839s ]

[ 2017-03-31T13:25:28+08:00 ] 127.0.0.1 /index.php/
INFO: [ app_init ] --START--
INFO: Run Behavior\BuildLiteBehavior [ RunTime:0.000024s ]
INFO: [ app_init ] --END-- [ RunTime:0.006233s ]
INFO: [ app_begin ] --START--
INFO: Run Behavior\ReadHtmlCacheBehavior [ RunTime:0.019462s ]
INFO: [ app_begin ] --END-- [ RunTime:0.019534s ]
INFO: [ app_end ] --START--
INFO: Run Behavior\ShowPageTraceBehavior [ RunTime:0.003589s ]
INFO: [ app_end ] --END-- [ RunTime:0.003660s ]

[ 2017-03-31T13:25:43+08:00 ] 127.0.0.1 /index.php/
INFO: [ app_init ] --START--
INFO: Run Behavior\BuildLiteBehavior [ RunTime:0.000025s ]
INFO: [ app_init ] --END-- [ RunTime:0.014041s ]
INFO: [ app_begin ] --START--
INFO: Run Behavior\ReadHtmlCacheBehavior [ RunTime:0.003797s ]
INFO: [ app_begin ] --END-- [ RunTime:0.003887s ]
INFO: [ app_end ] --START--
INFO: Run Behavior\ShowPageTraceBehavior [ RunTime:0.017423s ]
INFO: [ app_end ] --END-- [ RunTime:0.017491s ]

[ 2017-03-31T13:25:57+08:00 ] 127.0.0.1 /index.php/
INFO: [ app_init ] --START--
INFO: Run Behavior\BuildLiteBehavior [ RunTime:0.000022s ]
INFO: [ app_init ] --END-- [ RunTime:0.002851s ]
INFO: [ app_begin ] --START--
INFO: Run Behavior\ReadHtmlCacheBehavior [ RunTime:0.019468s ]
INFO: [ app_begin ] --END-- [ RunTime:0.019550s ]
INFO: [ app_end ] --START--
INFO: Run Behavior\ShowPageTraceBehavior [ RunTime:0.006504s ]
INFO: [ app_end ] --END-- [ RunTime:0.006573s ]

[ 2017-03-31T13:25:59+08:00 ] 127.0.0.1 /index.php/
INFO: [ app_init ] --START--
INFO: Run Behavior\BuildLiteBehavior [ RunTime:0.000022s ]
INFO: [ app_init ] --END-- [ RunTime:0.005056s ]
INFO: [ app_begin ] --START--
INFO: Run Behavior\ReadHtmlCacheBehavior [ RunTime:0.016238s ]
INFO: [ app_begin ] --END-- [ RunTime:0.016312s ]
INFO: [ app_end ] --START--
INFO: Run Behavior\ShowPageTraceBehavior [ RunTime:0.010458s ]
INFO: [ app_end ] --END-- [ RunTime:0.010528s ]

[ 2017-03-31T13:26:06+08:00 ] 127.0.0.1 /index.php/
INFO: [ app_init ] --START--
INFO: Run Behavior\BuildLiteBehavior [ RunTime:0.000021s ]
INFO: [ app_init ] --END-- [ RunTime:0.004907s ]
INFO: [ app_begin ] --START--
INFO: Run Behavior\ReadHtmlCacheBehavior [ RunTime:0.016180s ]
INFO: [ app_begin ] --END-- [ RunTime:0.016254s ]
INFO: [ app_end ] --START--
INFO: Run Behavior\ShowPageTraceBehavior [ RunTime:0.003915s ]
INFO: [ app_end ] --END-- [ RunTime:0.003977s ]

[ 2017-03-31T13:26:12+08:00 ] 127.0.0.1 /index.php/
INFO: [ app_init ] --START--
INFO: Run Behavior\BuildLiteBehavior [ RunTime:0.000023s ]
INFO: [ app_init ] --END-- [ RunTime:0.010372s ]
INFO: [ app_begin ] --START--
INFO: Run Behavior\ReadHtmlCacheBehavior [ RunTime:0.003790s ]
INFO: [ app_begin ] --END-- [ RunTime:0.003866s ]
INFO: [ app_end ] --START--
INFO: Run Behavior\ShowPageTraceBehavior [ RunTime:0.019696s ]
INFO: [ app_end ] --END-- [ RunTime:0.019811s ]

[ 2017-03-31T13:26:13+08:00 ] 127.0.0.1 /index.php/
INFO: [ app_init ] --START--
INFO: Run Behavior\BuildLiteBehavior [ RunTime:0.000022s ]
INFO: [ app_init ] --END-- [ RunTime:0.010419s ]
INFO: [ app_begin ] --START--
INFO: Run Behavior\ReadHtmlCacheBehavior [ RunTime:0.006530s ]
INFO: [ app_begin ] --END-- [ RunTime:0.006601s ]
INFO: [ app_end ] --START--
INFO: Run Behavior\ShowPageTraceBehavior [ RunTime:0.019946s ]
INFO: [ app_end ] --END-- [ RunTime:0.020019s ]

[ 2017-03-31T13:27:25+08:00 ] 127.0.0.1 /index.php/
INFO: [ app_init ] --START--
INFO: Run Behavior\BuildLiteBehavior [ RunTime:0.000026s ]
INFO: [ app_init ] --END-- [ RunTime:0.014936s ]
INFO: [ app_begin ] --START--
INFO: Run Behavior\ReadHtmlCacheBehavior [ RunTime:0.007958s ]
INFO: [ app_begin ] --END-- [ RunTime:0.008025s ]
INFO: [ app_end ] --START--
INFO: Run Behavior\ShowPageTraceBehavior [ RunTime:0.012746s ]
INFO: [ app_end ] --END-- [ RunTime:0.012815s ]

[ 2017-03-31T13:30:08+08:00 ] 127.0.0.1 /index.php/
INFO: [ app_init ] --START--
INFO: Run Behavior\BuildLiteBehavior [ RunTime:0.000023s ]
INFO: [ app_init ] --END-- [ RunTime:0.013689s ]
INFO: [ app_begin ] --START--
INFO: Run Behavior\ReadHtmlCacheBehavior [ RunTime:0.012069s ]
INFO: [ app_begin ] --END-- [ RunTime:0.012136s ]
INFO: [ app_end ] --START--
INFO: Run Behavior\ShowPageTraceBehavior [ RunTime:0.014866s ]
INFO: [ app_end ] --END-- [ RunTime:0.014959s ]

[ 2017-03-31T13:30:47+08:00 ] 127.0.0.1 /index.php/
INFO: [ app_init ] --START--
INFO: Run Behavior\BuildLiteBehavior [ RunTime:0.000024s ]
INFO: [ app_init ] --END-- [ RunTime:0.007483s ]
INFO: [ app_begin ] --START--
INFO: Run Behavior\ReadHtmlCacheBehavior [ RunTime:0.004200s ]
INFO: [ app_begin ] --END-- [ RunTime:0.004266s ]
INFO: [ app_end ] --START--
INFO: Run Behavior\ShowPageTraceBehavior [ RunTime:0.019016s ]
INFO: [ app_end ] --END-- [ RunTime:0.019101s ]

[ 2017-03-31T13:32:25+08:00 ] 127.0.0.1 /index.php/
INFO: [ app_init ] --START--
INFO: Run Behavior\BuildLiteBehavior [ RunTime:0.000036s ]
INFO: [ app_init ] --END-- [ RunTime:0.007207s ]
INFO: [ app_begin ] --START--
INFO: Run Behavior\ReadHtmlCacheBehavior [ RunTime:0.003550s ]
INFO: [ app_begin ] --END-- [ RunTime:0.003614s ]
INFO: [ app_end ] --START--
INFO: Run Behavior\ShowPageTraceBehavior [ RunTime:0.018399s ]
INFO: [ app_end ] --END-- [ RunTime:0.018466s ]

[ 2017-03-31T13:34:35+08:00 ] 127.0.0.1 /
INFO: [ app_init ] --START--
INFO: Run Behavior\BuildLiteBehavior [ RunTime:0.000025s ]
INFO: [ app_init ] --END-- [ RunTime:0.008922s ]
INFO: [ app_begin ] --START--
INFO: Run Behavior\ReadHtmlCacheBehavior [ RunTime:0.017269s ]
INFO: [ app_begin ] --END-- [ RunTime:0.017348s ]
INFO: [ app_end ] --START--
INFO: Run Behavior\ShowPageTraceBehavior [ RunTime:0.006504s ]
INFO: [ app_end ] --END-- [ RunTime:0.006576s ]

[ 2017-03-31T13:34:36+08:00 ] 127.0.0.1 /
INFO: [ app_init ] --START--
INFO: Run Behavior\BuildLiteBehavior [ RunTime:0.000021s ]
INFO: [ app_init ] --END-- [ RunTime:0.003453s ]
INFO: [ app_begin ] --START--
INFO: Run Behavior\ReadHtmlCacheBehavior [ RunTime:0.019230s ]
INFO: [ app_begin ] --END-- [ RunTime:0.019303s ]
INFO: [ app_end ] --START--
INFO: Run Behavior\ShowPageTraceBehavior [ RunTime:0.004322s ]
INFO: [ app_end ] --END-- [ RunTime:0.004386s ]

[ 2017-03-31T13:34:41+08:00 ] 127.0.0.1 /index.php/
INFO: [ app_init ] --START--
INFO: Run Behavior\BuildLiteBehavior [ RunTime:0.000032s ]
INFO: [ app_init ] --END-- [ RunTime:0.016710s ]
INFO: [ app_begin ] --START--
INFO: Run Behavior\ReadHtmlCacheBehavior [ RunTime:0.008569s ]
INFO: [ app_begin ] --END-- [ RunTime:0.008661s ]
INFO: [ app_end ] --START--
INFO: Run Behavior\ShowPageTraceBehavior [ RunTime:0.014250s ]
INFO: [ app_end ] --END-- [ RunTime:0.014316s ]

[ 2017-03-31T13:34:45+08:00 ] 127.0.0.1 /index.php/Home/
INFO: [ app_init ] --START--
INFO: Run Behavior\BuildLiteBehavior [ RunTime:0.000025s ]
INFO: [ app_init ] --END-- [ RunTime:0.012884s ]
INFO: [ app_begin ] --START--
INFO: Run Behavior\ReadHtmlCacheBehavior [ RunTime:0.008896s ]
INFO: [ app_begin ] --END-- [ RunTime:0.008968s ]
INFO: [ app_end ] --START--
INFO: Run Behavior\ShowPageTraceBehavior [ RunTime:0.018599s ]
INFO: [ app_end ] --END-- [ RunTime:0.018670s ]

[ 2017-03-31T13:34:48+08:00 ] 127.0.0.1 /index.php/Home/index
INFO: [ app_init ] --START--
INFO: Run Behavior\BuildLiteBehavior [ RunTime:0.000024s ]
INFO: [ app_init ] --END-- [ RunTime:0.010731s ]
INFO: [ app_begin ] --START--
INFO: Run Behavior\ReadHtmlCacheBehavior [ RunTime:0.004352s ]
INFO: [ app_begin ] --END-- [ RunTime:0.004416s ]
INFO: [ app_end ] --START--
INFO: Run Behavior\ShowPageTraceBehavior [ RunTime:0.017789s ]
INFO: [ app_end ] --END-- [ RunTime:0.017858s ]

[ 2017-03-31T13:36:09+08:00 ] 127.0.0.1 /index.php/Home/index
INFO: [ app_init ] --START--
INFO: Run Behavior\BuildLiteBehavior [ RunTime:0.000023s ]
INFO: [ app_init ] --END-- [ RunTime:0.011398s ]
INFO: [ app_begin ] --START--
INFO: Run Behavior\ReadHtmlCacheBehavior [ RunTime:0.003859s ]
INFO: [ app_begin ] --END-- [ RunTime:0.003928s ]
INFO: [ app_end ] --START--
INFO: Run Behavior\ShowPageTraceBehavior [ RunTime:0.016900s ]
INFO: [ app_end ] --END-- [ RunTime:0.016982s ]

[ 2017-03-31T13:36:13+08:00 ] 127.0.0.1 /
INFO: [ app_init ] --START--
INFO: Run Behavior\BuildLiteBehavior [ RunTime:0.000024s ]
INFO: [ app_init ] --END-- [ RunTime:0.010884s ]
INFO: [ app_begin ] --START--
INFO: Run Behavior\ReadHtmlCacheBehavior [ RunTime:0.015276s ]
INFO: [ app_begin ] --END-- [ RunTime:0.015353s ]
INFO: [ app_end ] --START--
INFO: Run Behavior\ShowPageTraceBehavior [ RunTime:0.011944s ]
INFO: [ app_end ] --END-- [ RunTime:0.012010s ]

[ 2017-03-31T13:36:45+08:00 ] 127.0.0.1 /
INFO: [ app_init ] --START--
INFO: Run Behavior\BuildLiteBehavior [ RunTime:0.000023s ]
INFO: [ app_init ] --END-- [ RunTime:0.012664s ]
INFO: [ app_begin ] --START--
INFO: Run Behavior\ReadHtmlCacheBehavior [ RunTime:0.004159s ]
INFO: [ app_begin ] --END-- [ RunTime:0.004231s ]
INFO: [ app_end ] --START--
INFO: Run Behavior\ShowPageTraceBehavior [ RunTime:0.016465s ]
INFO: [ app_end ] --END-- [ RunTime:0.016528s ]

[ 2017-03-31T13:36:48+08:00 ] 127.0.0.1 /
INFO: [ app_init ] --START--
INFO: Run Behavior\BuildLiteBehavior [ RunTime:0.000024s ]
INFO: [ app_init ] --END-- [ RunTime:0.011879s ]
INFO: [ app_begin ] --START--
INFO: Run Behavior\ReadHtmlCacheBehavior [ RunTime:0.009412s ]
INFO: [ app_begin ] --END-- [ RunTime:0.009481s ]
INFO: [ app_end ] --START--
INFO: Run Behavior\ShowPageTraceBehavior [ RunTime:0.017013s ]
INFO: [ app_end ] --END-- [ RunTime:0.017094s ]

[ 2017-03-31T13:43:29+08:00 ] 127.0.0.1 /
INFO: [ app_init ] --START--
INFO: Run Behavior\BuildLiteBehavior [ RunTime:0.000025s ]
INFO: [ app_init ] --END-- [ RunTime:0.014832s ]
INFO: [ app_begin ] --START--
INFO: Run Behavior\ReadHtmlCacheBehavior [ RunTime:0.011327s ]
INFO: [ app_begin ] --END-- [ RunTime:0.011399s ]
INFO: [ app_end ] --START--
INFO: Run Behavior\ShowPageTraceBehavior [ RunTime:0.012500s ]
INFO: [ app_end ] --END-- [ RunTime:0.012568s ]

[ 2017-03-31T13:43:42+08:00 ] 127.0.0.1 /
INFO: [ app_init ] --START--
INFO: Run Behavior\BuildLiteBehavior [ RunTime:0.000022s ]
INFO: [ app_init ] --END-- [ RunTime:0.014563s ]
INFO: [ app_begin ] --START--
INFO: Run Behavior\ReadHtmlCacheBehavior [ RunTime:0.006717s ]
INFO: [ app_begin ] --END-- [ RunTime:0.006782s ]
INFO: [ app_end ] --START--
INFO: Run Behavior\ShowPageTraceBehavior [ RunTime:0.014537s ]
INFO: [ app_end ] --END-- [ RunTime:0.014606s ]

[ 2017-03-31T13:48:21+08:00 ] 127.0.0.1 /
INFO: [ app_init ] --START--
INFO: Run Behavior\BuildLiteBehavior [ RunTime:0.000024s ]
INFO: [ app_init ] --END-- [ RunTime:0.011123s ]
INFO: [ app_begin ] --START--
INFO: Run Behavior\ReadHtmlCacheBehavior [ RunTime:0.003348s ]
INFO: [ app_begin ] --END-- [ RunTime:0.003407s ]
INFO: [ app_end ] --START--
INFO: Run Behavior\ShowPageTraceBehavior [ RunTime:0.017382s ]
INFO: [ app_end ] --END-- [ RunTime:0.017452s ]

[ 2017-03-31T13:48:22+08:00 ] 127.0.0.1 /
INFO: [ app_init ] --START--
INFO: Run Behavior\BuildLiteBehavior [ RunTime:0.000019s ]
INFO: [ app_init ] --END-- [ RunTime:0.002645s ]
INFO: [ app_begin ] --START--
INFO: Run Behavior\ReadHtmlCacheBehavior [ RunTime:0.017230s ]
INFO: [ app_begin ] --END-- [ RunTime:0.017312s ]
INFO: [ app_end ] --START--
INFO: Run Behavior\ShowPageTraceBehavior [ RunTime:0.003372s ]
INFO: [ app_end ] --END-- [ RunTime:0.003445s ]

[ 2017-03-31T13:49:21+08:00 ] 127.0.0.1 /index.php/Home/index
INFO: [ app_init ] --START--
INFO: Run Behavior\BuildLiteBehavior [ RunTime:0.000022s ]
INFO: [ app_init ] --END-- [ RunTime:0.003528s ]
INFO: [ app_begin ] --START--
INFO: Run Behavior\ReadHtmlCacheBehavior [ RunTime:0.019561s ]
INFO: [ app_begin ] --END-- [ RunTime:0.019639s ]
INFO: [ app_end ] --START--
INFO: Run Behavior\ShowPageTraceBehavior [ RunTime:0.003654s ]
INFO: [ app_end ] --END-- [ RunTime:0.003719s ]

[ 2017-03-31T13:49:35+08:00 ] 127.0.0.1 /index.php/Home/index
INFO: [ app_init ] --START--
INFO: Run Behavior\BuildLiteBehavior [ RunTime:0.000023s ]
INFO: [ app_init ] --END-- [ RunTime:0.010323s ]
INFO: [ app_begin ] --START--
INFO: Run Behavior\ReadHtmlCacheBehavior [ RunTime:0.003599s ]
INFO: [ app_begin ] --END-- [ RunTime:0.003663s ]
INFO: [ app_end ] --START--
INFO: Run Behavior\ShowPageTraceBehavior [ RunTime:0.017443s ]
INFO: [ app_end ] --END-- [ RunTime:0.017514s ]

[ 2017-03-31T13:55:20+08:00 ] 127.0.0.1 /index.php/Home/index
INFO: [ app_init ] --START--
INFO: Run Behavior\BuildLiteBehavior [ RunTime:0.000023s ]
INFO: [ app_init ] --END-- [ RunTime:0.005776s ]
INFO: [ app_begin ] --START--
INFO: Run Behavior\ReadHtmlCacheBehavior [ RunTime:0.005614s ]
INFO: [ app_begin ] --END-- [ RunTime:0.005683s ]
INFO: [ app_end ] --START--
INFO: Run Behavior\ShowPageTraceBehavior [ RunTime:0.018544s ]
INFO: [ app_end ] --END-- [ RunTime:0.018614s ]

[ 2017-03-31T13:55:21+08:00 ] 127.0.0.1 /index.php/Home/index
INFO: [ app_init ] --START--
INFO: Run Behavior\BuildLiteBehavior [ RunTime:0.000026s ]
INFO: [ app_init ] --END-- [ RunTime:0.006914s ]
INFO: [ app_begin ] --START--
INFO: Run Behavior\ReadHtmlCacheBehavior [ RunTime:0.003768s ]
INFO: [ app_begin ] --END-- [ RunTime:0.003837s ]
INFO: [ app_end ] --START--
INFO: Run Behavior\ShowPageTraceBehavior [ RunTime:0.019293s ]
INFO: [ app_end ] --END-- [ RunTime:0.019386s ]

[ 2017-03-31T13:55:26+08:00 ] 127.0.0.1 /index.php/Home/index
INFO: [ app_init ] --START--
INFO: Run Behavior\BuildLiteBehavior [ RunTime:0.000029s ]
INFO: [ app_init ] --END-- [ RunTime:0.009909s ]
INFO: [ app_begin ] --START--
INFO: Run Behavior\ReadHtmlCacheBehavior [ RunTime:0.003469s ]
INFO: [ app_begin ] --END-- [ RunTime:0.003526s ]
INFO: [ app_end ] --START--
INFO: Run Behavior\ShowPageTraceBehavior [ RunTime:0.011089s ]
INFO: [ app_end ] --END-- [ RunTime:0.011155s ]

[ 2017-03-31T13:55:29+08:00 ] 127.0.0.1 /index.php/Home/index
INFO: [ app_init ] --START--
INFO: Run Behavior\BuildLiteBehavior [ RunTime:0.000026s ]
INFO: [ app_init ] --END-- [ RunTime:0.013200s ]
INFO: [ app_begin ] --START--
INFO: Run Behavior\ReadHtmlCacheBehavior [ RunTime:0.013462s ]
INFO: [ app_begin ] --END-- [ RunTime:0.013529s ]
INFO: [ app_end ] --START--
INFO: Run Behavior\ShowPageTraceBehavior [ RunTime:0.018095s ]
INFO: [ app_end ] --END-- [ RunTime:0.018161s ]

[ 2017-03-31T13:56:10+08:00 ] 127.0.0.1 /index.php/Home/index
INFO: [ app_init ] --START--
INFO: Run Behavior\BuildLiteBehavior [ RunTime:0.000028s ]
INFO: [ app_init ] --END-- [ RunTime:0.002864s ]
INFO: [ app_begin ] --START--
INFO: Run Behavior\ReadHtmlCacheBehavior [ RunTime:0.017765s ]
INFO: [ app_begin ] --END-- [ RunTime:0.017880s ]
INFO: [ app_end ] --START--
INFO: Run Behavior\ShowPageTraceBehavior [ RunTime:0.003700s ]
INFO: [ app_end ] --END-- [ RunTime:0.003769s ]

[ 2017-03-31T13:56:23+08:00 ] 127.0.0.1 /index.php/Home/index
INFO: [ app_init ] --START--
INFO: Run Behavior\BuildLiteBehavior [ RunTime:0.000021s ]
INFO: [ app_init ] --END-- [ RunTime:0.005313s ]
INFO: [ app_begin ] --START--
INFO: Run Behavior\ReadHtmlCacheBehavior [ RunTime:0.015604s ]
INFO: [ app_begin ] --END-- [ RunTime:0.015682s ]
INFO: [ app_end ] --START--
INFO: Run Behavior\ShowPageTraceBehavior [ RunTime:0.003681s ]
INFO: [ app_end ] --END-- [ RunTime:0.003747s ]

[ 2017-03-31T13:56:30+08:00 ] 127.0.0.1 /index.php/Home/index
INFO: [ app_init ] --START--
INFO: Run Behavior\BuildLiteBehavior [ RunTime:0.000029s ]
INFO: [ app_init ] --END-- [ RunTime:0.005020s ]
INFO: [ app_begin ] --START--
INFO: Run Behavior\ReadHtmlCacheBehavior [ RunTime:0.003874s ]
INFO: [ app_begin ] --END-- [ RunTime:0.003945s ]
INFO: [ app_end ] --START--
INFO: Run Behavior\ShowPageTraceBehavior [ RunTime:0.019206s ]
INFO: [ app_end ] --END-- [ RunTime:0.019274s ]

[ 2017-03-31T13:56:40+08:00 ] 127.0.0.1 /index.php/Home/index
INFO: [ app_init ] --START--
INFO: Run Behavior\BuildLiteBehavior [ RunTime:0.000023s ]
INFO: [ app_init ] --END-- [ RunTime:0.013202s ]
INFO: [ app_begin ] --START--
INFO: Run Behavior\ReadHtmlCacheBehavior [ RunTime:0.012745s ]
INFO: [ app_begin ] --END-- [ RunTime:0.012813s ]
INFO: [ app_end ] --START--
INFO: Run Behavior\ShowPageTraceBehavior [ RunTime:0.006080s ]
INFO: [ app_end ] --END-- [ RunTime:0.006152s ]

[ 2017-03-31T13:58:18+08:00 ] 127.0.0.1 /index.php/Home/index
INFO: [ app_init ] --START--
INFO: Run Behavior\BuildLiteBehavior [ RunTime:0.000023s ]
INFO: [ app_init ] --END-- [ RunTime:0.012752s ]
INFO: [ app_begin ] --START--
INFO: Run Behavior\ReadHtmlCacheBehavior [ RunTime:0.004230s ]
INFO: [ app_begin ] --END-- [ RunTime:0.004296s ]
INFO: [ app_end ] --START--
INFO: Run Behavior\ShowPageTraceBehavior [ RunTime:0.020309s ]
INFO: [ app_end ] --END-- [ RunTime:0.020379s ]

[ 2017-03-31T13:58:19+08:00 ] 127.0.0.1 /index.php/Home/index
INFO: [ app_init ] --START--
INFO: Run Behavior\BuildLiteBehavior [ RunTime:0.000020s ]
INFO: [ app_init ] --END-- [ RunTime:0.003275s ]
INFO: [ app_begin ] --START--
INFO: Run Behavior\ReadHtmlCacheBehavior [ RunTime:0.018783s ]
INFO: [ app_begin ] --END-- [ RunTime:0.018864s ]
INFO: [ app_end ] --START--
INFO: Run Behavior\ShowPageTraceBehavior [ RunTime:0.013163s ]
INFO: [ app_end ] --END-- [ RunTime:0.013236s ]

[ 2017-03-31T13:58:25+08:00 ] 127.0.0.1 /index.php
INFO: [ app_init ] --START--
INFO: Run Behavior\BuildLiteBehavior [ RunTime:0.000022s ]
INFO: [ app_init ] --END-- [ RunTime:0.005802s ]
INFO: [ app_begin ] --START--
INFO: Run Behavior\ReadHtmlCacheBehavior [ RunTime:0.003973s ]
INFO: [ app_begin ] --END-- [ RunTime:0.004049s ]
INFO: [ app_end ] --START--
INFO: Run Behavior\ShowPageTraceBehavior [ RunTime:0.018018s ]
INFO: [ app_end ] --END-- [ RunTime:0.018082s ]

[ 2017-03-31T13:58:47+08:00 ] 127.0.0.1 /index.php
INFO: [ app_init ] --START--
INFO: Run Behavior\BuildLiteBehavior [ RunTime:0.000025s ]
INFO: [ app_init ] --END-- [ RunTime:0.008444s ]
INFO: [ app_begin ] --START--
INFO: Run Behavior\ReadHtmlCacheBehavior [ RunTime:0.003541s ]
INFO: [ app_begin ] --END-- [ RunTime:0.003602s ]
INFO: [ app_end ] --START--
INFO: Run Behavior\ShowPageTraceBehavior [ RunTime:0.016045s ]
INFO: [ app_end ] --END-- [ RunTime:0.016119s ]

[ 2017-03-31T13:58:48+08:00 ] 127.0.0.1 /index.php
INFO: [ app_init ] --START--
INFO: Run Behavior\BuildLiteBehavior [ RunTime:0.000036s ]
INFO: [ app_init ] --END-- [ RunTime:0.014045s ]
INFO: [ app_begin ] --START--
INFO: Run Behavior\ReadHtmlCacheBehavior [ RunTime:0.003611s ]
INFO: [ app_begin ] --END-- [ RunTime:0.003673s ]
INFO: [ app_end ] --START--
INFO: Run Behavior\ShowPageTraceBehavior [ RunTime:0.016412s ]
INFO: [ app_end ] --END-- [ RunTime:0.016495s ]

[ 2017-03-31T13:59:03+08:00 ] 127.0.0.1 /index.php
INFO: [ app_init ] --START--
INFO: Run Behavior\BuildLiteBehavior [ RunTime:0.000018s ]
INFO: [ app_init ] --END-- [ RunTime:0.002859s ]
INFO: [ app_begin ] --START--
INFO: Run Behavior\ReadHtmlCacheBehavior [ RunTime:0.019645s ]
INFO: [ app_begin ] --END-- [ RunTime:0.019723s ]
INFO: [ app_end ] --START--
INFO: Run Behavior\ShowPageTraceBehavior [ RunTime:0.004699s ]
INFO: [ app_end ] --END-- [ RunTime:0.004761s ]

[ 2017-03-31T14:02:31+08:00 ] 127.0.0.1 /index.php/
INFO: [ app_init ] --START--
INFO: Run Behavior\BuildLiteBehavior [ RunTime:0.000025s ]
INFO: [ app_init ] --END-- [ RunTime:0.016405s ]
INFO: [ app_begin ] --START--
INFO: Run Behavior\ReadHtmlCacheBehavior [ RunTime:0.006725s ]
INFO: [ app_begin ] --END-- [ RunTime:0.006808s ]
INFO: [ app_end ] --START--
INFO: Run Behavior\ShowPageTraceBehavior [ RunTime:0.018392s ]
INFO: [ app_end ] --END-- [ RunTime:0.018459s ]

[ 2017-03-31T14:05:44+08:00 ] 127.0.0.1 /index.php/
INFO: [ app_init ] --START--
INFO: Run Behavior\BuildLiteBehavior [ RunTime:0.000039s ]
INFO: [ app_init ] --END-- [ RunTime:0.008739s ]
INFO: [ app_begin ] --START--
INFO: Run Behavior\ReadHtmlCacheBehavior [ RunTime:0.006415s ]
INFO: [ app_begin ] --END-- [ RunTime:0.006486s ]
INFO: [ app_end ] --START--
INFO: Run Behavior\ShowPageTraceBehavior [ RunTime:0.020081s ]
INFO: [ app_end ] --END-- [ RunTime:0.020161s ]

[ 2017-03-31T14:05:46+08:00 ] 127.0.0.1 /index.php/
INFO: [ app_init ] --START--
INFO: Run Behavior\BuildLiteBehavior [ RunTime:0.000024s ]
INFO: [ app_init ] --END-- [ RunTime:0.010369s ]
INFO: [ app_begin ] --START--
INFO: Run Behavior\ReadHtmlCacheBehavior [ RunTime:0.008599s ]
INFO: [ app_begin ] --END-- [ RunTime:0.008670s ]
INFO: [ app_end ] --START--
INFO: Run Behavior\ShowPageTraceBehavior [ RunTime:0.017957s ]
INFO: [ app_end ] --END-- [ RunTime:0.018037s ]

[ 2017-03-31T14:17:58+08:00 ] 127.0.0.1 /
INFO: [ app_init ] --START--
INFO: Run Behavior\BuildLiteBehavior [ RunTime:0.000031s ]
INFO: [ app_init ] --END-- [ RunTime:0.012175s ]
INFO: [ app_begin ] --START--
INFO: Run Behavior\ReadHtmlCacheBehavior [ RunTime:0.018524s ]
INFO: [ app_begin ] --END-- [ RunTime:0.018646s ]
INFO: [ app_end ] --START--
INFO: Run Behavior\ShowPageTraceBehavior [ RunTime:0.003388s ]
INFO: [ app_end ] --END-- [ RunTime:0.003443s ]

[ 2017-03-31T14:17:59+08:00 ] 127.0.0.1 /
INFO: [ app_init ] --START--
INFO: Run Behavior\BuildLiteBehavior [ RunTime:0.000023s ]
INFO: [ app_init ] --END-- [ RunTime:0.007352s ]
INFO: [ app_begin ] --START--
INFO: Run Behavior\ReadHtmlCacheBehavior [ RunTime:0.007524s ]
INFO: [ app_begin ] --END-- [ RunTime:0.007597s ]
INFO: [ app_end ] --START--
INFO: Run Behavior\ShowPageTraceBehavior [ RunTime:0.016025s ]
INFO: [ app_end ] --END-- [ RunTime:0.016097s ]

[ 2017-03-31T14:18:22+08:00 ] 127.0.0.1 /
INFO: [ app_init ] --START--
INFO: Run Behavior\BuildLiteBehavior [ RunTime:0.000028s ]
INFO: [ app_init ] --END-- [ RunTime:0.009464s ]
INFO: [ app_begin ] --START--
INFO: Run Behavior\ReadHtmlCacheBehavior [ RunTime:0.011853s ]
INFO: [ app_begin ] --END-- [ RunTime:0.011941s ]
INFO: [ app_end ] --START--
INFO: Run Behavior\ShowPageTraceBehavior [ RunTime:0.015709s ]
INFO: [ app_end ] --END-- [ RunTime:0.015805s ]

[ 2017-03-31T14:18:23+08:00 ] 127.0.0.1 /
INFO: [ app_init ] --START--
INFO: Run Behavior\BuildLiteBehavior [ RunTime:0.000022s ]
INFO: [ app_init ] --END-- [ RunTime:0.003177s ]
INFO: [ app_begin ] --START--
INFO: Run Behavior\ReadHtmlCacheBehavior [ RunTime:0.017262s ]
INFO: [ app_begin ] --END-- [ RunTime:0.017347s ]
INFO: [ app_end ] --START--
INFO: Run Behavior\ShowPageTraceBehavior [ RunTime:0.003803s ]
INFO: [ app_end ] --END-- [ RunTime:0.003887s ]

[ 2017-03-31T14:18:24+08:00 ] 127.0.0.1 /
INFO: [ app_init ] --START--
INFO: Run Behavior\BuildLiteBehavior [ RunTime:0.000019s ]
INFO: [ app_init ] --END-- [ RunTime:0.002551s ]
INFO: [ app_begin ] --START--
INFO: Run Behavior\ReadHtmlCacheBehavior [ RunTime:0.013044s ]
INFO: [ app_begin ] --END-- [ RunTime:0.013122s ]
INFO: [ app_end ] --START--
INFO: Run Behavior\ShowPageTraceBehavior [ RunTime:0.011604s ]
INFO: [ app_end ] --END-- [ RunTime:0.011690s ]

[ 2017-03-31T14:24:10+08:00 ] 127.0.0.1 /
INFO: [ app_init ] --START--
INFO: Run Behavior\BuildLiteBehavior [ RunTime:0.000019s ]
INFO: [ app_init ] --END-- [ RunTime:0.002788s ]
INFO: [ app_begin ] --START--
INFO: Run Behavior\ReadHtmlCacheBehavior [ RunTime:0.019247s ]
INFO: [ app_begin ] --END-- [ RunTime:0.019329s ]
INFO: [ app_end ] --START--
INFO: Run Behavior\ShowPageTraceBehavior [ RunTime:0.005471s ]
INFO: [ app_end ] --END-- [ RunTime:0.005546s ]

[ 2017-03-31T14:29:19+08:00 ] 127.0.0.1 /
INFO: [ app_init ] --START--
INFO: Run Behavior\BuildLiteBehavior [ RunTime:0.000026s ]
INFO: [ app_init ] --END-- [ RunTime:0.008163s ]
INFO: [ app_begin ] --START--
INFO: Run Behavior\ReadHtmlCacheBehavior [ RunTime:0.004044s ]
INFO: [ app_begin ] --END-- [ RunTime:0.004108s ]
INFO: [ app_end ] --START--
INFO: Run Behavior\ShowPageTraceBehavior [ RunTime:0.011584s ]
INFO: [ app_end ] --END-- [ RunTime:0.011652s ]

[ 2017-03-31T14:29:20+08:00 ] 127.0.0.1 /
INFO: [ app_init ] --START--
INFO: Run Behavior\BuildLiteBehavior [ RunTime:0.000024s ]
INFO: [ app_init ] --END-- [ RunTime:0.002914s ]
INFO: [ app_begin ] --START--
INFO: Run Behavior\ReadHtmlCacheBehavior [ RunTime:0.014012s ]
INFO: [ app_begin ] --END-- [ RunTime:0.014104s ]
INFO: [ app_end ] --START--
INFO: Run Behavior\ShowPageTraceBehavior [ RunTime:0.010958s ]
INFO: [ app_end ] --END-- [ RunTime:0.011046s ]

[ 2017-03-31T14:29:32+08:00 ] 127.0.0.1 /
INFO: [ app_init ] --START--
INFO: Run Behavior\BuildLiteBehavior [ RunTime:0.000047s ]
INFO: [ app_init ] --END-- [ RunTime:0.003623s ]
INFO: [ app_begin ] --START--
INFO: Run Behavior\ReadHtmlCacheBehavior [ RunTime:0.017586s ]
INFO: [ app_begin ] --END-- [ RunTime:0.017661s ]
INFO: [ app_end ] --START--
INFO: Run Behavior\ShowPageTraceBehavior [ RunTime:0.004313s ]
INFO: [ app_end ] --END-- [ RunTime:0.004376s ]

[ 2017-03-31T14:31:46+08:00 ] 127.0.0.1 /index.php/
INFO: [ app_init ] --START--
INFO: Run Behavior\BuildLiteBehavior [ RunTime:0.000024s ]
INFO: [ app_init ] --END-- [ RunTime:0.016287s ]
INFO: [ app_begin ] --START--
INFO: Run Behavior\ReadHtmlCacheBehavior [ RunTime:0.011815s ]
INFO: [ app_begin ] --END-- [ RunTime:0.011901s ]
INFO: [ app_end ] --START--
INFO: Run Behavior\ShowPageTraceBehavior [ RunTime:0.009449s ]
INFO: [ app_end ] --END-- [ RunTime:0.009523s ]

[ 2017-03-31T14:31:48+08:00 ] 127.0.0.1 /index.php/
INFO: [ app_init ] --START--
INFO: Run Behavior\BuildLiteBehavior [ RunTime:0.000024s ]
INFO: [ app_init ] --END-- [ RunTime:0.011265s ]
INFO: [ app_begin ] --START--
INFO: Run Behavior\ReadHtmlCacheBehavior [ RunTime:0.005919s ]
INFO: [ app_begin ] --END-- [ RunTime:0.005989s ]
INFO: [ app_end ] --START--
INFO: Run Behavior\ShowPageTraceBehavior [ RunTime:0.009269s ]
INFO: [ app_end ] --END-- [ RunTime:0.009365s ]

[ 2017-03-31T14:32:51+08:00 ] 127.0.0.1 /index.php
INFO: [ app_init ] --START--
INFO: Run Behavior\BuildLiteBehavior [ RunTime:0.000023s ]
INFO: [ app_init ] --END-- [ RunTime:0.013284s ]
INFO: [ app_begin ] --START--
INFO: Run Behavior\ReadHtmlCacheBehavior [ RunTime:0.003980s ]
INFO: [ app_begin ] --END-- [ RunTime:0.004057s ]
INFO: [ app_end ] --START--
INFO: Run Behavior\ShowPageTraceBehavior [ RunTime:0.015480s ]
INFO: [ app_end ] --END-- [ RunTime:0.015542s ]

[ 2017-03-31T14:32:53+08:00 ] 127.0.0.1 /index.php
INFO: [ app_init ] --START--
INFO: Run Behavior\BuildLiteBehavior [ RunTime:0.000031s ]
INFO: [ app_init ] --END-- [ RunTime:0.009933s ]
INFO: [ app_begin ] --START--
INFO: Run Behavior\ReadHtmlCacheBehavior [ RunTime:0.004569s ]
INFO: [ app_begin ] --END-- [ RunTime:0.004641s ]
INFO: [ app_end ] --START--
INFO: Run Behavior\ShowPageTraceBehavior [ RunTime:0.011170s ]
INFO: [ app_end ] --END-- [ RunTime:0.011255s ]

[ 2017-03-31T14:36:20+08:00 ] 127.0.0.1 /index.php
INFO: [ app_init ] --START--
INFO: Run Behavior\BuildLiteBehavior [ RunTime:0.000019s ]
INFO: [ app_init ] --END-- [ RunTime:0.002576s ]
INFO: [ app_begin ] --START--
INFO: Run Behavior\ReadHtmlCacheBehavior [ RunTime:0.016264s ]
INFO: [ app_begin ] --END-- [ RunTime:0.016337s ]
INFO: [ app_end ] --START--
INFO: Run Behavior\ShowPageTraceBehavior [ RunTime:0.008222s ]
INFO: [ app_end ] --END-- [ RunTime:0.008286s ]

[ 2017-03-31T14:36:22+08:00 ] 127.0.0.1 /
INFO: [ app_init ] --START--
INFO: Run Behavior\BuildLiteBehavior [ RunTime:0.000024s ]
INFO: [ app_init ] --END-- [ RunTime:0.014668s ]
INFO: [ app_begin ] --START--
INFO: Run Behavior\ReadHtmlCacheBehavior [ RunTime:0.013040s ]
INFO: [ app_begin ] --END-- [ RunTime:0.013117s ]
INFO: [ app_end ] --START--
INFO: Run Behavior\ShowPageTraceBehavior [ RunTime:0.007378s ]
INFO: [ app_end ] --END-- [ RunTime:0.007439s ]

[ 2017-03-31T14:39:20+08:00 ] 127.0.0.1 /
INFO: [ app_init ] --START--
INFO: Run Behavior\BuildLiteBehavior [ RunTime:0.000032s ]
INFO: [ app_init ] --END-- [ RunTime:0.005650s ]
INFO: [ app_begin ] --START--
INFO: Run Behavior\ReadHtmlCacheBehavior [ RunTime:0.015209s ]
INFO: [ app_begin ] --END-- [ RunTime:0.015280s ]
INFO: [ app_end ] --START--
INFO: Run Behavior\ShowPageTraceBehavior [ RunTime:0.008653s ]
INFO: [ app_end ] --END-- [ RunTime:0.008739s ]

[ 2017-03-31T14:39:27+08:00 ] 127.0.0.1 /index.php/
INFO: [ app_init ] --START--
INFO: Run Behavior\BuildLiteBehavior [ RunTime:0.000021s ]
INFO: [ app_init ] --END-- [ RunTime:0.002743s ]
INFO: [ app_begin ] --START--
INFO: Run Behavior\ReadHtmlCacheBehavior [ RunTime:0.014844s ]
INFO: [ app_begin ] --END-- [ RunTime:0.014920s ]
INFO: [ app_end ] --START--
INFO: Run Behavior\ShowPageTraceBehavior [ RunTime:0.007101s ]
INFO: [ app_end ] --END-- [ RunTime:0.007186s ]

[ 2017-03-31T14:45:10+08:00 ] 127.0.0.1 /index.php/
INFO: [ app_init ] --START--
INFO: Run Behavior\BuildLiteBehavior [ RunTime:0.000023s ]
INFO: [ app_init ] --END-- [ RunTime:0.011752s ]
INFO: [ app_begin ] --START--
INFO: Run Behavior\ReadHtmlCacheBehavior [ RunTime:0.006734s ]
INFO: [ app_begin ] --END-- [ RunTime:0.006804s ]
INFO: [ app_end ] --START--
INFO: Run Behavior\ShowPageTraceBehavior [ RunTime:0.018145s ]
INFO: [ app_end ] --END-- [ RunTime:0.018216s ]

[ 2017-03-31T14:45:14+08:00 ] 127.0.0.1 /index.php
INFO: [ app_init ] --START--
INFO: Run Behavior\BuildLiteBehavior [ RunTime:0.000025s ]
INFO: [ app_init ] --END-- [ RunTime:0.008196s ]
INFO: [ app_begin ] --START--
INFO: Run Behavior\ReadHtmlCacheBehavior [ RunTime:0.005480s ]
INFO: [ app_begin ] --END-- [ RunTime:0.005554s ]
INFO: [ app_end ] --START--
INFO: Run Behavior\ShowPageTraceBehavior [ RunTime:0.019833s ]
INFO: [ app_end ] --END-- [ RunTime:0.019929s ]

[ 2017-03-31T14:46:57+08:00 ] 127.0.0.1 /index.php
INFO: [ app_init ] --START--
INFO: Run Behavior\BuildLiteBehavior [ RunTime:0.000024s ]
INFO: [ app_init ] --END-- [ RunTime:0.012448s ]
INFO: [ app_begin ] --START--
INFO: Run Behavior\ReadHtmlCacheBehavior [ RunTime:0.015512s ]
INFO: [ app_begin ] --END-- [ RunTime:0.015586s ]
INFO: [ app_end ] --START--
INFO: Run Behavior\ShowPageTraceBehavior [ RunTime:0.003878s ]
INFO: [ app_end ] --END-- [ RunTime:0.003945s ]

[ 2017-03-31T14:51:15+08:00 ] 127.0.0.1 /index.php
INFO: [ app_init ] --START--
INFO: Run Behavior\BuildLiteBehavior [ RunTime:0.000023s ]
INFO: [ app_init ] --END-- [ RunTime:0.003469s ]
INFO: [ app_begin ] --START--
INFO: Run Behavior\ReadHtmlCacheBehavior [ RunTime:0.017595s ]
INFO: [ app_begin ] --END-- [ RunTime:0.017745s ]
INFO: [ app_end ] --START--
INFO: Run Behavior\ShowPageTraceBehavior [ RunTime:0.003520s ]
INFO: [ app_end ] --END-- [ RunTime:0.003600s ]

[ 2017-03-31T14:51:16+08:00 ] 127.0.0.1 /index.php
INFO: [ app_init ] --START--
INFO: Run Behavior\BuildLiteBehavior [ RunTime:0.000023s ]
INFO: [ app_init ] --END-- [ RunTime:0.006051s ]
INFO: [ app_begin ] --START--
INFO: Run Behavior\ReadHtmlCacheBehavior [ RunTime:0.004388s ]
INFO: [ app_begin ] --END-- [ RunTime:0.004458s ]
INFO: [ app_end ] --START--
INFO: Run Behavior\ShowPageTraceBehavior [ RunTime:0.010975s ]
INFO: [ app_end ] --END-- [ RunTime:0.011064s ]

[ 2017-03-31T14:51:19+08:00 ] 127.0.0.1 /
INFO: [ app_init ] --START--
INFO: Run Behavior\BuildLiteBehavior [ RunTime:0.000024s ]
INFO: [ app_init ] --END-- [ RunTime:0.005333s ]
INFO: [ app_begin ] --START--
INFO: Run Behavior\ReadHtmlCacheBehavior [ RunTime:0.007744s ]
INFO: [ app_begin ] --END-- [ RunTime:0.007813s ]
INFO: [ app_end ] --START--
INFO: Run Behavior\ShowPageTraceBehavior [ RunTime:0.009332s ]
INFO: [ app_end ] --END-- [ RunTime:0.009395s ]

[ 2017-03-31T14:51:31+08:00 ] 127.0.0.1 /index.php/
INFO: [ app_init ] --START--
INFO: Run Behavior\BuildLiteBehavior [ RunTime:0.000024s ]
INFO: [ app_init ] --END-- [ RunTime:0.004631s ]
INFO: [ app_begin ] --START--
INFO: Run Behavior\ReadHtmlCacheBehavior [ RunTime:0.016853s ]
INFO: [ app_begin ] --END-- [ RunTime:0.016921s ]
INFO: [ app_end ] --START--
INFO: Run Behavior\ShowPageTraceBehavior [ RunTime:0.005927s ]
INFO: [ app_end ] --END-- [ RunTime:0.005987s ]

[ 2017-03-31T14:51:34+08:00 ] 127.0.0.1 /index.php
INFO: [ app_init ] --START--
INFO: Run Behavior\BuildLiteBehavior [ RunTime:0.000023s ]
INFO: [ app_init ] --END-- [ RunTime:0.006819s ]
INFO: [ app_begin ] --START--
INFO: Run Behavior\ReadHtmlCacheBehavior [ RunTime:0.006366s ]
INFO: [ app_begin ] --END-- [ RunTime:0.006436s ]
INFO: [ app_end ] --START--
INFO: Run Behavior\ShowPageTraceBehavior [ RunTime:0.013722s ]
INFO: [ app_end ] --END-- [ RunTime:0.013789s ]

[ 2017-03-31T14:52:45+08:00 ] 127.0.0.1 /index.php
INFO: [ app_init ] --START--
INFO: Run Behavior\BuildLiteBehavior [ RunTime:0.000023s ]
INFO: [ app_init ] --END-- [ RunTime:0.009551s ]
INFO: [ app_begin ] --START--
INFO: Run Behavior\ReadHtmlCacheBehavior [ RunTime:0.003653s ]
INFO: [ app_begin ] --END-- [ RunTime:0.003736s ]
INFO: [ app_end ] --START--
INFO: Run Behavior\ShowPageTraceBehavior [ RunTime:0.009341s ]
INFO: [ app_end ] --END-- [ RunTime:0.009407s ]

[ 2017-03-31T14:53:09+08:00 ] 127.0.0.1 /index.php/
INFO: [ app_init ] --START--
INFO: Run Behavior\BuildLiteBehavior [ RunTime:0.000067s ]
INFO: [ app_init ] --END-- [ RunTime:0.011223s ]
INFO: [ app_begin ] --START--
INFO: Run Behavior\ReadHtmlCacheBehavior [ RunTime:0.003920s ]
INFO: [ app_begin ] --END-- [ RunTime:0.003984s ]
INFO: [ app_end ] --START--
INFO: Run Behavior\ShowPageTraceBehavior [ RunTime:0.015424s ]
INFO: [ app_end ] --END-- [ RunTime:0.015522s ]

[ 2017-03-31T15:27:45+08:00 ] 127.0.0.1 /
INFO: [ app_init ] --START--
INFO: Run Behavior\BuildLiteBehavior [ RunTime:0.000023s ]
INFO: [ app_init ] --END-- [ RunTime:0.006073s ]
INFO: [ app_begin ] --START--
INFO: Run Behavior\ReadHtmlCacheBehavior [ RunTime:0.006517s ]
INFO: [ app_begin ] --END-- [ RunTime:0.006591s ]
INFO: [ app_end ] --START--
INFO: Run Behavior\ShowPageTraceBehavior [ RunTime:0.019472s ]
INFO: [ app_end ] --END-- [ RunTime:0.019545s ]

[ 2017-03-31T15:27:54+08:00 ] 127.0.0.1 /index.php/
INFO: [ app_init ] --START--
INFO: Run Behavior\BuildLiteBehavior [ RunTime:0.000040s ]
INFO: [ app_init ] --END-- [ RunTime:0.006818s ]
INFO: [ app_begin ] --START--
INFO: Run Behavior\ReadHtmlCacheBehavior [ RunTime:0.014039s ]
INFO: [ app_begin ] --END-- [ RunTime:0.014115s ]
INFO: [ app_end ] --START--
INFO: Run Behavior\ShowPageTraceBehavior [ RunTime:0.006363s ]
INFO: [ app_end ] --END-- [ RunTime:0.006432s ]

[ 2017-03-31T15:27:59+08:00 ] 127.0.0.1 /index.php/Home/
INFO: [ app_init ] --START--
INFO: Run Behavior\BuildLiteBehavior [ RunTime:0.000019s ]
INFO: [ app_init ] --END-- [ RunTime:0.002811s ]
INFO: [ app_begin ] --START--
INFO: Run Behavior\ReadHtmlCacheBehavior [ RunTime:0.007477s ]
INFO: [ app_begin ] --END-- [ RunTime:0.007549s ]
INFO: [ app_end ] --START--
INFO: Run Behavior\ShowPageTraceBehavior [ RunTime:0.007515s ]
INFO: [ app_end ] --END-- [ RunTime:0.007585s ]

[ 2017-03-31T15:28:03+08:00 ] 127.0.0.1 /index.php/Home/index
INFO: [ app_init ] --START--
INFO: Run Behavior\BuildLiteBehavior [ RunTime:0.000022s ]
INFO: [ app_init ] --END-- [ RunTime:0.012845s ]
INFO: [ app_begin ] --START--
INFO: Run Behavior\ReadHtmlCacheBehavior [ RunTime:0.011788s ]
INFO: [ app_begin ] --END-- [ RunTime:0.011902s ]
INFO: [ app_end ] --START--
INFO: Run Behavior\ShowPageTraceBehavior [ RunTime:0.013338s ]
INFO: [ app_end ] --END-- [ RunTime:0.013406s ]

[ 2017-03-31T15:28:55+08:00 ] 127.0.0.1 /index.php
INFO: [ app_init ] --START--
INFO: Run Behavior\BuildLiteBehavior [ RunTime:0.000021s ]
INFO: [ app_init ] --END-- [ RunTime:0.006327s ]
INFO: [ app_begin ] --START--
INFO: Run Behavior\ReadHtmlCacheBehavior [ RunTime:0.003388s ]
INFO: [ app_begin ] --END-- [ RunTime:0.003447s ]
INFO: [ app_end ] --START--
INFO: Run Behavior\ShowPageTraceBehavior [ RunTime:0.012548s ]
INFO: [ app_end ] --END-- [ RunTime:0.012617s ]

[ 2017-03-31T15:33:05+08:00 ] 127.0.0.1 /
INFO: [ app_init ] --START--
INFO: Run Behavior\BuildLiteBehavior [ RunTime:0.000025s ]
INFO: [ app_init ] --END-- [ RunTime:0.014309s ]
INFO: [ app_begin ] --START--
INFO: Run Behavior\ReadHtmlCacheBehavior [ RunTime:0.004330s ]
INFO: [ app_begin ] --END-- [ RunTime:0.004414s ]
INFO: [ app_end ] --START--
INFO: Run Behavior\ShowPageTraceBehavior [ RunTime:0.015504s ]
INFO: [ app_end ] --END-- [ RunTime:0.015572s ]

[ 2017-03-31T15:33:09+08:00 ] 127.0.0.1 /index.php/
INFO: [ app_init ] --START--
INFO: Run Behavior\BuildLiteBehavior [ RunTime:0.000035s ]
INFO: [ app_init ] --END-- [ RunTime:0.010814s ]
INFO: [ app_begin ] --START--
INFO: Run Behavior\ReadHtmlCacheBehavior [ RunTime:0.006723s ]
INFO: [ app_begin ] --END-- [ RunTime:0.006798s ]
INFO: [ app_end ] --START--
INFO: Run Behavior\ShowPageTraceBehavior [ RunTime:0.019055s ]
INFO: [ app_end ] --END-- [ RunTime:0.019122s ]

[ 2017-03-31T15:33:13+08:00 ] 127.0.0.1 /index.php
INFO: [ app_init ] --START--
INFO: Run Behavior\BuildLiteBehavior [ RunTime:0.000024s ]
INFO: [ app_init ] --END-- [ RunTime:0.013593s ]
INFO: [ app_begin ] --START--
INFO: Run Behavior\ReadHtmlCacheBehavior [ RunTime:0.003386s ]
INFO: [ app_begin ] --END-- [ RunTime:0.003447s ]
INFO: [ app_end ] --START--
INFO: Run Behavior\ShowPageTraceBehavior [ RunTime:0.010646s ]
INFO: [ app_end ] --END-- [ RunTime:0.010715s ]

[ 2017-03-31T15:33:16+08:00 ] 127.0.0.1 /index.php
INFO: [ app_init ] --START--
INFO: Run Behavior\BuildLiteBehavior [ RunTime:0.000023s ]
INFO: [ app_init ] --END-- [ RunTime:0.008852s ]
INFO: [ app_begin ] --START--
INFO: Run Behavior\ReadHtmlCacheBehavior [ RunTime:0.012773s ]
INFO: [ app_begin ] --END-- [ RunTime:0.012847s ]
INFO: [ app_end ] --START--
INFO: Run Behavior\ShowPageTraceBehavior [ RunTime:0.015495s ]
INFO: [ app_end ] --END-- [ RunTime:0.015564s ]

[ 2017-03-31T15:33:29+08:00 ] 127.0.0.1 /index.php/Home/
INFO: [ app_init ] --START--
INFO: Run Behavior\BuildLiteBehavior [ RunTime:0.000028s ]
INFO: [ app_init ] --END-- [ RunTime:0.012881s ]
INFO: [ app_begin ] --START--
INFO: Run Behavior\ReadHtmlCacheBehavior [ RunTime:0.004151s ]
INFO: [ app_begin ] --END-- [ RunTime:0.004212s ]
INFO: [ app_end ] --START--
INFO: Run Behavior\ShowPageTraceBehavior [ RunTime:0.013332s ]
INFO: [ app_end ] --END-- [ RunTime:0.013428s ]

[ 2017-03-31T15:34:14+08:00 ] 127.0.0.1 /index.php/Home/index
INFO: [ app_init ] --START--
INFO: Run Behavior\BuildLiteBehavior [ RunTime:0.000023s ]
INFO: [ app_init ] --END-- [ RunTime:0.003738s ]
INFO: [ app_begin ] --START--
INFO: Run Behavior\ReadHtmlCacheBehavior [ RunTime:0.008488s ]
INFO: [ app_begin ] --END-- [ RunTime:0.008568s ]
INFO: [ app_end ] --START--
INFO: Run Behavior\ShowPageTraceBehavior [ RunTime:0.010227s ]
INFO: [ app_end ] --END-- [ RunTime:0.010312s ]

[ 2017-03-31T15:34:17+08:00 ] 127.0.0.1 /index.php/Home/index/a
INFO: [ app_init ] --START--
INFO: Run Behavior\BuildLiteBehavior [ RunTime:0.000024s ]
INFO: [ app_init ] --END-- [ RunTime:0.005135s ]
INFO: [ app_begin ] --START--
INFO: Run Behavior\ReadHtmlCacheBehavior [ RunTime:0.009341s ]
INFO: [ app_begin ] --END-- [ RunTime:0.009418s ]
ERR: :a

[ 2017-03-31T15:34:26+08:00 ] 127.0.0.1 /index.php/Home/index/index
INFO: [ app_init ] --START--
INFO: Run Behavior\BuildLiteBehavior [ RunTime:0.000023s ]
INFO: [ app_init ] --END-- [ RunTime:0.009662s ]
INFO: [ app_begin ] --START--
INFO: Run Behavior\ReadHtmlCacheBehavior [ RunTime:0.005199s ]
INFO: [ app_begin ] --END-- [ RunTime:0.005273s ]
INFO: [ app_end ] --START--
INFO: Run Behavior\ShowPageTraceBehavior [ RunTime:0.015766s ]
INFO: [ app_end ] --END-- [ RunTime:0.015827s ]

[ 2017-03-31T15:34:29+08:00 ] 127.0.0.1 /index.php/Home/index/index/a
INFO: [ app_init ] --START--
INFO: Run Behavior\BuildLiteBehavior [ RunTime:0.000023s ]
INFO: [ app_init ] --END-- [ RunTime:0.006279s ]
INFO: [ app_begin ] --START--
INFO: Run Behavior\ReadHtmlCacheBehavior [ RunTime:0.004270s ]
INFO: [ app_begin ] --END-- [ RunTime:0.004355s ]
INFO: [ app_end ] --START--
INFO: Run Behavior\ShowPageTraceBehavior [ RunTime:0.015464s ]
INFO: [ app_end ] --END-- [ RunTime:0.015541s ]

[ 2017-03-31T15:34:35+08:00 ] 127.0.0.1 /index.php/Home/index/index/a/b
INFO: [ app_init ] --START--
INFO: Run Behavior\BuildLiteBehavior [ RunTime:0.000022s ]
INFO: [ app_init ] --END-- [ RunTime:0.003314s ]
INFO: [ app_begin ] --START--
INFO: Run Behavior\ReadHtmlCacheBehavior [ RunTime:0.014688s ]
INFO: [ app_begin ] --END-- [ RunTime:0.014759s ]
INFO: [ app_end ] --START--
INFO: Run Behavior\ShowPageTraceBehavior [ RunTime:0.006405s ]
INFO: [ app_end ] --END-- [ RunTime:0.006472s ]

